{
  "stats": {
    "suites": 1,
    "tests": 8,
    "passes": 8,
    "pending": 0,
    "failures": 0,
    "start": "2024-10-08T17:58:27.006Z",
    "end": "2024-10-08T18:06:12.777Z",
    "duration": 465771,
    "testsRegistered": 8,
    "passPercent": 100,
    "pendingPercent": 0,
    "other": 0,
    "hasOther": false,
    "skipped": 0,
    "hasSkipped": false
  },
  "results": [
    {
      "uuid": "cbaca321-1894-45a7-a272-36c7429b855e",
      "title": "",
      "fullFile": "cypress\\e2e\\cirurgico.cy.js",
      "file": "cypress\\e2e\\cirurgico.cy.js",
      "beforeHooks": [],
      "afterHooks": [],
      "tests": [],
      "suites": [
        {
          "uuid": "d0923eee-59fb-4567-a575-9dfa43540215",
          "title": "Pedido de Lentes",
          "fullFile": "",
          "file": "",
          "beforeHooks": [],
          "afterHooks": [],
          "tests": [
            {
              "title": "Realizar um novo pedido de bonificação",
              "fullTitle": "Pedido de Lentes Realizar um novo pedido de bonificação",
              "timedOut": null,
              "duration": 53757,
              "state": "passed",
              "speed": "slow",
              "pass": true,
              "fail": false,
              "pending": false,
              "context": null,
              "code": "login('leonardo.miorim@kbase.com.br', '1bz592idyxHLw6');\nnavigateToPurchase();\ncreateNewOrderBonificacao();\ncompleteBonificacaoOrder();",
              "err": {},
              "uuid": "ff3919a7-fb33-4f8b-9a18-8b456dd3fb49",
              "parentUUID": "d0923eee-59fb-4567-a575-9dfa43540215",
              "isHook": false,
              "skipped": false
            },
            {
              "title": "Realizar uma compra futura",
              "fullTitle": "Pedido de Lentes Realizar uma compra futura",
              "timedOut": null,
              "duration": 45664,
              "state": "passed",
              "speed": "slow",
              "pass": true,
              "fail": false,
              "pending": false,
              "context": null,
              "code": "login('leonardo.miorim@kbase.com.br', '1bz592idyxHLw6');\nnavigateToPurchase();\ncreateNewOrderFutura();\ncompleteOrderFutura();",
              "err": {},
              "uuid": "2568142e-7a5c-4c5c-a144-9c2f28092982",
              "parentUUID": "d0923eee-59fb-4567-a575-9dfa43540215",
              "isHook": false,
              "skipped": false
            },
            {
              "title": "Realizar uma compra pontual",
              "fullTitle": "Pedido de Lentes Realizar uma compra pontual",
              "timedOut": null,
              "duration": 48615,
              "state": "passed",
              "speed": "slow",
              "pass": true,
              "fail": false,
              "pending": false,
              "context": null,
              "code": "login('leonardo.miorim@kbase.com.br', '1bz592idyxHLw6');\nnavigateToPurchase();\ncreateNewOrderPontual();\ncompleteOrderPontual();",
              "err": {},
              "uuid": "5ef2a52a-0ec8-4366-836b-c14513ce95db",
              "parentUUID": "d0923eee-59fb-4567-a575-9dfa43540215",
              "isHook": false,
              "skipped": false
            },
            {
              "title": "Realizar um Pedido de devolução",
              "fullTitle": "Pedido de Lentes Realizar um Pedido de devolução",
              "timedOut": null,
              "duration": 48985,
              "state": "passed",
              "speed": "slow",
              "pass": true,
              "fail": false,
              "pending": false,
              "context": null,
              "code": "login('leonardo.miorim@kbase.com.br', '1bz592idyxHLw6');\nnavigateToPurchaseDevolucao();\ncreateNewOrderDevolucao();\ncompleteOrderDevolucao();",
              "err": {},
              "uuid": "e44d9283-1b38-4bd3-b1c0-22d7bc0fc8b3",
              "parentUUID": "d0923eee-59fb-4567-a575-9dfa43540215",
              "isHook": false,
              "skipped": false
            },
            {
              "title": "Realizar um Pedido de Troca",
              "fullTitle": "Pedido de Lentes Realizar um Pedido de Troca",
              "timedOut": null,
              "duration": 71517,
              "state": "passed",
              "speed": "slow",
              "pass": true,
              "fail": false,
              "pending": false,
              "context": null,
              "code": "login('leonardo.miorim@kbase.com.br', '1bz592idyxHLw6');\nnavigateToPurchaseTroca();\ncreateNewOrderTroca();\ncompleteOrderTroca();",
              "err": {},
              "uuid": "da175631-5a52-4c6e-b90d-da33f5ddcb9b",
              "parentUUID": "d0923eee-59fb-4567-a575-9dfa43540215",
              "isHook": false,
              "skipped": false
            },
            {
              "title": "Realizar um Pedido de Envio de remessa",
              "fullTitle": "Pedido de Lentes Realizar um Pedido de Envio de remessa",
              "timedOut": null,
              "duration": 67710,
              "state": "passed",
              "speed": "slow",
              "pass": true,
              "fail": false,
              "pending": false,
              "context": null,
              "code": "login('leonardo.miorim@kbase.com.br', '1bz592idyxHLw6');\nnavigateToPurchaseEnvioDeRemessa();\ncreateNewOrderEnvioDeRemessa();\ncompleteOrderEnvioDeRemessa();",
              "err": {},
              "uuid": "eefd34e2-1dfc-4b3c-8fbe-55c602aabe62",
              "parentUUID": "d0923eee-59fb-4567-a575-9dfa43540215",
              "isHook": false,
              "skipped": false
            },
            {
              "title": "Realizar um Pedido de Remessa da Consignação",
              "fullTitle": "Pedido de Lentes Realizar um Pedido de Remessa da Consignação",
              "timedOut": null,
              "duration": 58549,
              "state": "passed",
              "speed": "slow",
              "pass": true,
              "fail": false,
              "pending": false,
              "context": null,
              "code": "login('leonardo.miorim@kbase.com.br', '1bz592idyxHLw6');\nnavigateToPurchaseRemessaDaConsignacao();\ncreateNewOrderRemessaDaConsignacao();\ncompleteOrderRemessaDaConsignacao();",
              "err": {},
              "uuid": "f3ad784e-be18-4dc7-9f3a-d4e67798adb6",
              "parentUUID": "d0923eee-59fb-4567-a575-9dfa43540215",
              "isHook": false,
              "skipped": false
            },
            {
              "title": "Realizar um Pedido de Retorno simbolico da consignação",
              "fullTitle": "Pedido de Lentes Realizar um Pedido de Retorno simbolico da consignação",
              "timedOut": null,
              "duration": 67551,
              "state": "passed",
              "speed": "slow",
              "pass": true,
              "fail": false,
              "pending": false,
              "context": null,
              "code": "login('leonardo.miorim@kbase.com.br', '1bz592idyxHLw6');\nnavigateToPurchaseRetornoSimbolicoDaConsignacao();\ncreateNewOrderRetornoSimbolicoDaConsignacao();\ncompleteOrderRetornoSimbolicoDaConsignacao();",
              "err": {},
              "uuid": "8c9d2401-0636-4d2a-be2a-29be093cedd6",
              "parentUUID": "d0923eee-59fb-4567-a575-9dfa43540215",
              "isHook": false,
              "skipped": false
            }
          ],
          "suites": [],
          "passes": [
            "ff3919a7-fb33-4f8b-9a18-8b456dd3fb49",
            "2568142e-7a5c-4c5c-a144-9c2f28092982",
            "5ef2a52a-0ec8-4366-836b-c14513ce95db",
            "e44d9283-1b38-4bd3-b1c0-22d7bc0fc8b3",
            "da175631-5a52-4c6e-b90d-da33f5ddcb9b",
            "eefd34e2-1dfc-4b3c-8fbe-55c602aabe62",
            "f3ad784e-be18-4dc7-9f3a-d4e67798adb6",
            "8c9d2401-0636-4d2a-be2a-29be093cedd6"
          ],
          "failures": [],
          "pending": [],
          "skipped": [],
          "duration": 462348,
          "root": false,
          "rootEmpty": false,
          "_timeout": 2000
        }
      ],
      "passes": [],
      "failures": [],
      "pending": [],
      "skipped": [],
      "duration": 0,
      "root": true,
      "rootEmpty": true,
      "_timeout": 2000
    }
  ],
  "meta": {
    "mocha": {
      "version": "7.0.1"
    },
    "mochawesome": {
      "options": {
        "quiet": false,
        "reportFilename": "mochawesome",
        "saveHtml": false,
        "saveJson": true,
        "consoleReporter": "spec",
        "useInlineDiffs": false,
        "code": true
      },
      "version": "7.1.3"
    },
    "marge": {
      "options": {
        "reportDir": "cypress\\reports\\.jsons",
        "overwrite": false,
        "html": false,
        "json": true
      },
      "version": "6.2.0"
    }
  }
}