{
  "stats": {
    "suites": 1,
    "tests": 11,
    "passes": 11,
    "pending": 0,
    "failures": 0,
    "start": "2024-10-11T15:52:17.770Z",
    "end": "2024-10-11T16:02:48.149Z",
    "duration": 630379,
    "testsRegistered": 11,
    "passPercent": 100,
    "pendingPercent": 0,
    "other": 0,
    "hasOther": false,
    "skipped": 0,
    "hasSkipped": false
  },
  "results": [
    {
      "uuid": "54478562-dbd7-4ee1-8640-ef169da5abe4",
      "title": "",
      "fullFile": "cypress\\e2e\\lente.cy.js",
      "file": "cypress\\e2e\\lente.cy.js",
      "beforeHooks": [],
      "afterHooks": [],
      "tests": [],
      "suites": [
        {
          "uuid": "7d833b0c-ca38-449a-a015-926d66724a1e",
          "title": "Pedido de Lentes",
          "fullFile": "",
          "file": "",
          "beforeHooks": [],
          "afterHooks": [],
          "tests": [
            {
              "title": "Realizar um novo pedido de bonificação",
              "fullTitle": "Pedido de Lentes Realizar um novo pedido de bonificação",
              "timedOut": null,
              "duration": 57571,
              "state": "passed",
              "speed": "slow",
              "pass": true,
              "fail": false,
              "pending": false,
              "context": null,
              "code": "login('leonardo.miorim@kbase.com.br', '1bz592idyxHLw6');\nnavigateToPurchase();\ncreateNewOrderBonificacao();\ncompleteBonificacaoOrder();",
              "err": {},
              "uuid": "08469f8e-2543-48b2-bd2a-781fbe1ceb34",
              "parentUUID": "7d833b0c-ca38-449a-a015-926d66724a1e",
              "isHook": false,
              "skipped": false
            },
            {
              "title": "Realizar uma compra futura",
              "fullTitle": "Pedido de Lentes Realizar uma compra futura",
              "timedOut": null,
              "duration": 48454,
              "state": "passed",
              "speed": "slow",
              "pass": true,
              "fail": false,
              "pending": false,
              "context": null,
              "code": "login('leonardo.miorim@kbase.com.br', '1bz592idyxHLw6');\nnavigateToPurchase();\ncreateNewOrderFutura();\ncompleteOrderFutura();",
              "err": {},
              "uuid": "a3f63986-f157-4518-9ded-5a8ed45fc876",
              "parentUUID": "7d833b0c-ca38-449a-a015-926d66724a1e",
              "isHook": false,
              "skipped": false
            },
            {
              "title": "Realizar uma compra pontual",
              "fullTitle": "Pedido de Lentes Realizar uma compra pontual",
              "timedOut": null,
              "duration": 49725,
              "state": "passed",
              "speed": "slow",
              "pass": true,
              "fail": false,
              "pending": false,
              "context": null,
              "code": "login('leonardo.miorim@kbase.com.br', '1bz592idyxHLw6');\nnavigateToPurchase();\ncreateNewOrderPontual();\ncompleteOrderPontual();",
              "err": {},
              "uuid": "7dd2a77b-fdd1-4f99-82e8-686e2edbb84a",
              "parentUUID": "7d833b0c-ca38-449a-a015-926d66724a1e",
              "isHook": false,
              "skipped": false
            },
            {
              "title": "Realizar um Pedido de amostra",
              "fullTitle": "Pedido de Lentes Realizar um Pedido de amostra",
              "timedOut": null,
              "duration": 45273,
              "state": "passed",
              "speed": "slow",
              "pass": true,
              "fail": false,
              "pending": false,
              "context": null,
              "code": "login('leonardo.miorim@kbase.com.br', '1bz592idyxHLw6');\nnavigateToPurchase();\ncreateNewOrderAmostra();\ncompleteOrderAmostra();",
              "err": {},
              "uuid": "2eb28a96-f243-4883-af70-30e6a2f1e587",
              "parentUUID": "7d833b0c-ca38-449a-a015-926d66724a1e",
              "isHook": false,
              "skipped": false
            },
            {
              "title": "Realizar um Pedido de devolução",
              "fullTitle": "Pedido de Lentes Realizar um Pedido de devolução",
              "timedOut": null,
              "duration": 49255,
              "state": "passed",
              "speed": "slow",
              "pass": true,
              "fail": false,
              "pending": false,
              "context": null,
              "code": "login('leonardo.miorim@kbase.com.br', '1bz592idyxHLw6');\nnavigateToPurchase();\ncreateNewOrderDevolucao();\ncompleteOrderDevolucao();",
              "err": {},
              "uuid": "efd20999-2d92-4a24-80e0-2e543a09a361",
              "parentUUID": "7d833b0c-ca38-449a-a015-926d66724a1e",
              "isHook": false,
              "skipped": false
            },
            {
              "title": "Realizar um Pedido de Doação para Funcionário",
              "fullTitle": "Pedido de Lentes Realizar um Pedido de Doação para Funcionário",
              "timedOut": null,
              "duration": 54088,
              "state": "passed",
              "speed": "slow",
              "pass": true,
              "fail": false,
              "pending": false,
              "context": null,
              "code": "login('leonardo.miorim@kbase.com.br', '1bz592idyxHLw6');\nnavigateToPurchaseDoacaoParaFuncionario();\ncreateNewOrderDoacaoParaFuncionario();\ncompleteOrderDoacaoParaFuncionario();",
              "err": {},
              "uuid": "bc484962-0030-4598-8ed1-85c7453be4ea",
              "parentUUID": "7d833b0c-ca38-449a-a015-926d66724a1e",
              "isHook": false,
              "skipped": false
            },
            {
              "title": "Realizar um Pedido de Troca",
              "fullTitle": "Pedido de Lentes Realizar um Pedido de Troca",
              "timedOut": null,
              "duration": 83326,
              "state": "passed",
              "speed": "slow",
              "pass": true,
              "fail": false,
              "pending": false,
              "context": null,
              "code": "login('leonardo.miorim@kbase.com.br', '1bz592idyxHLw6');\nnavigateToPurchase();\ncreateNewOrderTroca();\ncompleteOrderTroca();",
              "err": {},
              "uuid": "10c7eab3-8539-414c-b0f4-cb529aa64849",
              "parentUUID": "7d833b0c-ca38-449a-a015-926d66724a1e",
              "isHook": false,
              "skipped": false
            },
            {
              "title": "Realizar um Pedido de Envio de remessa",
              "fullTitle": "Pedido de Lentes Realizar um Pedido de Envio de remessa",
              "timedOut": null,
              "duration": 71898,
              "state": "passed",
              "speed": "slow",
              "pass": true,
              "fail": false,
              "pending": false,
              "context": null,
              "code": "login('leonardo.miorim@kbase.com.br', '1bz592idyxHLw6');\nnavigateToPurchaseEnvioDeRemessa();\ncreateNewOrderEnvioDeRemessa();\ncompleteOrderEnvioDeRemessa();",
              "err": {},
              "uuid": "72084d5b-3beb-475c-8d7a-b8289d20af60",
              "parentUUID": "7d833b0c-ca38-449a-a015-926d66724a1e",
              "isHook": false,
              "skipped": false
            },
            {
              "title": "Realizar um Pedido de Remessa da caixa de prova",
              "fullTitle": "Pedido de Lentes Realizar um Pedido de Remessa da caixa de prova",
              "timedOut": null,
              "duration": 53574,
              "state": "passed",
              "speed": "slow",
              "pass": true,
              "fail": false,
              "pending": false,
              "context": null,
              "code": "login('leonardo.miorim@kbase.com.br', '1bz592idyxHLw6');\nnavigateToPurchase();\ncreateNewOrderRemessaDaCaixaDeProva();\ncompleteOrderRemessaDaCaixaDeProva();",
              "err": {},
              "uuid": "ec436396-d6bd-4c97-816c-e3bca2f683a6",
              "parentUUID": "7d833b0c-ca38-449a-a015-926d66724a1e",
              "isHook": false,
              "skipped": false
            },
            {
              "title": "Realizar um Pedido de Reposição da caixa de prova",
              "fullTitle": "Pedido de Lentes Realizar um Pedido de Reposição da caixa de prova",
              "timedOut": null,
              "duration": 55091,
              "state": "passed",
              "speed": "slow",
              "pass": true,
              "fail": false,
              "pending": false,
              "context": null,
              "code": "login('leonardo.miorim@kbase.com.br', '1bz592idyxHLw6');\nnavigateToPurchaseReposiçãoDaCaixaDeProva();\ncreateNewOrderReposiçãoDaCaixaDeProva();\ncompleteOrderReposiçãoDaCaixaDeProva();",
              "err": {},
              "uuid": "64bbe110-4026-49d9-803a-af0f8ab0acd1",
              "parentUUID": "7d833b0c-ca38-449a-a015-926d66724a1e",
              "isHook": false,
              "skipped": false
            },
            {
              "title": "Realizar um Pedido de garantia",
              "fullTitle": "Pedido de Lentes Realizar um Pedido de garantia",
              "timedOut": null,
              "duration": 57063,
              "state": "passed",
              "speed": "slow",
              "pass": true,
              "fail": false,
              "pending": false,
              "context": null,
              "code": "login('leonardo.miorim@kbase.com.br', '1bz592idyxHLw6');\nnavigateToPurchase();\ncreateNewOrderGarantia();\ncompleteOrderGarantia();",
              "err": {},
              "uuid": "15fd0ed0-781a-4e46-b975-55f784a2b986",
              "parentUUID": "7d833b0c-ca38-449a-a015-926d66724a1e",
              "isHook": false,
              "skipped": false
            }
          ],
          "suites": [],
          "passes": [
            "08469f8e-2543-48b2-bd2a-781fbe1ceb34",
            "a3f63986-f157-4518-9ded-5a8ed45fc876",
            "7dd2a77b-fdd1-4f99-82e8-686e2edbb84a",
            "2eb28a96-f243-4883-af70-30e6a2f1e587",
            "efd20999-2d92-4a24-80e0-2e543a09a361",
            "bc484962-0030-4598-8ed1-85c7453be4ea",
            "10c7eab3-8539-414c-b0f4-cb529aa64849",
            "72084d5b-3beb-475c-8d7a-b8289d20af60",
            "ec436396-d6bd-4c97-816c-e3bca2f683a6",
            "64bbe110-4026-49d9-803a-af0f8ab0acd1",
            "15fd0ed0-781a-4e46-b975-55f784a2b986"
          ],
          "failures": [],
          "pending": [],
          "skipped": [],
          "duration": 625318,
          "root": false,
          "rootEmpty": false,
          "_timeout": 2000
        }
      ],
      "passes": [],
      "failures": [],
      "pending": [],
      "skipped": [],
      "duration": 0,
      "root": true,
      "rootEmpty": true,
      "_timeout": 2000
    }
  ],
  "meta": {
    "mocha": {
      "version": "7.0.1"
    },
    "mochawesome": {
      "options": {
        "quiet": false,
        "reportFilename": "mochawesome",
        "saveHtml": false,
        "saveJson": true,
        "consoleReporter": "spec",
        "useInlineDiffs": false,
        "code": true
      },
      "version": "7.1.3"
    },
    "marge": {
      "options": {
        "reportDir": "cypress\\reports\\.jsons",
        "overwrite": false,
        "html": false,
        "json": true
      },
      "version": "6.2.0"
    }
  }
}