{
  "stats": {
    "suites": 1,
    "tests": 11,
    "passes": 10,
    "pending": 0,
    "failures": 1,
    "start": "2024-10-10T20:41:04.950Z",
    "end": "2024-10-10T20:51:37.550Z",
    "duration": 632600,
    "testsRegistered": 11,
    "passPercent": 90.9090909090909,
    "pendingPercent": 0,
    "other": 0,
    "hasOther": false,
    "skipped": 0,
    "hasSkipped": false
  },
  "results": [
    {
      "uuid": "e251dfb7-d238-4eba-abcd-9b7d7c3b69ad",
      "title": "",
      "fullFile": "cypress\\e2e\\lente.cy.js",
      "file": "cypress\\e2e\\lente.cy.js",
      "beforeHooks": [],
      "afterHooks": [],
      "tests": [],
      "suites": [
        {
          "uuid": "e161ea57-32a9-4161-9133-2f8c895d3752",
          "title": "Pedido de Lentes",
          "fullFile": "",
          "file": "",
          "beforeHooks": [],
          "afterHooks": [],
          "tests": [
            {
              "title": "Realizar um novo pedido de bonificação",
              "fullTitle": "Pedido de Lentes Realizar um novo pedido de bonificação",
              "timedOut": null,
              "duration": 58220,
              "state": "passed",
              "speed": "slow",
              "pass": true,
              "fail": false,
              "pending": false,
              "context": null,
              "code": "login('leonardo.miorim@kbase.com.br', '1bz592idyxHLw6');\nnavigateToPurchase();\ncreateNewOrderBonificacao();\ncompleteBonificacaoOrder();",
              "err": {},
              "uuid": "bdd44506-55ba-4631-8ccf-b438cf3187ad",
              "parentUUID": "e161ea57-32a9-4161-9133-2f8c895d3752",
              "isHook": false,
              "skipped": false
            },
            {
              "title": "Realizar uma compra futura",
              "fullTitle": "Pedido de Lentes Realizar uma compra futura",
              "timedOut": null,
              "duration": 49547,
              "state": "passed",
              "speed": "slow",
              "pass": true,
              "fail": false,
              "pending": false,
              "context": null,
              "code": "login('leonardo.miorim@kbase.com.br', '1bz592idyxHLw6');\nnavigateToPurchase();\ncreateNewOrderFutura();\ncompleteOrderFutura();",
              "err": {},
              "uuid": "cc4b2137-6f8b-4599-8287-7b5cbfa2d389",
              "parentUUID": "e161ea57-32a9-4161-9133-2f8c895d3752",
              "isHook": false,
              "skipped": false
            },
            {
              "title": "Realizar uma compra pontual",
              "fullTitle": "Pedido de Lentes Realizar uma compra pontual",
              "timedOut": null,
              "duration": 51264,
              "state": "passed",
              "speed": "slow",
              "pass": true,
              "fail": false,
              "pending": false,
              "context": null,
              "code": "login('leonardo.miorim@kbase.com.br', '1bz592idyxHLw6');\nnavigateToPurchase();\ncreateNewOrderPontual();\ncompleteOrderPontual();",
              "err": {},
              "uuid": "d6524e07-d88f-4d2a-b052-c16ad111582f",
              "parentUUID": "e161ea57-32a9-4161-9133-2f8c895d3752",
              "isHook": false,
              "skipped": false
            },
            {
              "title": "Realizar um Pedido de amostra",
              "fullTitle": "Pedido de Lentes Realizar um Pedido de amostra",
              "timedOut": null,
              "duration": 49556,
              "state": "passed",
              "speed": "slow",
              "pass": true,
              "fail": false,
              "pending": false,
              "context": null,
              "code": "login('leonardo.miorim@kbase.com.br', '1bz592idyxHLw6');\nnavigateToPurchase();\ncreateNewOrderAmostra();\ncompleteOrderAmostra();",
              "err": {},
              "uuid": "42afa3ee-4531-4d67-b15f-22b4612bebf6",
              "parentUUID": "e161ea57-32a9-4161-9133-2f8c895d3752",
              "isHook": false,
              "skipped": false
            },
            {
              "title": "Realizar um Pedido de devolução",
              "fullTitle": "Pedido de Lentes Realizar um Pedido de devolução",
              "timedOut": null,
              "duration": 58166,
              "state": "passed",
              "speed": "slow",
              "pass": true,
              "fail": false,
              "pending": false,
              "context": null,
              "code": "login('leonardo.miorim@kbase.com.br', '1bz592idyxHLw6');\nnavigateToPurchase();\ncreateNewOrderDevolucao();\ncompleteOrderDevolucao();",
              "err": {},
              "uuid": "c12e6039-06f6-4cda-b532-760278dd666b",
              "parentUUID": "e161ea57-32a9-4161-9133-2f8c895d3752",
              "isHook": false,
              "skipped": false
            },
            {
              "title": "Realizar um Pedido de Doação para Funcionário",
              "fullTitle": "Pedido de Lentes Realizar um Pedido de Doação para Funcionário",
              "timedOut": null,
              "duration": 57010,
              "state": "passed",
              "speed": "slow",
              "pass": true,
              "fail": false,
              "pending": false,
              "context": null,
              "code": "login('leonardo.miorim@kbase.com.br', '1bz592idyxHLw6');\nnavigateToPurchaseDoacaoParaFuncionario();\ncreateNewOrderDoacaoParaFuncionario();\ncompleteOrderDoacaoParaFuncionario();",
              "err": {},
              "uuid": "cdcb9eca-279a-4d23-a6a6-b4c6578ab19d",
              "parentUUID": "e161ea57-32a9-4161-9133-2f8c895d3752",
              "isHook": false,
              "skipped": false
            },
            {
              "title": "Realizar um Pedido de Troca",
              "fullTitle": "Pedido de Lentes Realizar um Pedido de Troca",
              "timedOut": null,
              "duration": 85288,
              "state": "passed",
              "speed": "slow",
              "pass": true,
              "fail": false,
              "pending": false,
              "context": null,
              "code": "login('leonardo.miorim@kbase.com.br', '1bz592idyxHLw6');\nnavigateToPurchase();\ncreateNewOrderTroca();\ncompleteOrderTroca();",
              "err": {},
              "uuid": "b2bcadb6-259f-4ce5-93be-38220a362bbc",
              "parentUUID": "e161ea57-32a9-4161-9133-2f8c895d3752",
              "isHook": false,
              "skipped": false
            },
            {
              "title": "Realizar um Pedido de Envio de remessa",
              "fullTitle": "Pedido de Lentes Realizar um Pedido de Envio de remessa",
              "timedOut": null,
              "duration": 44273,
              "state": "failed",
              "speed": null,
              "pass": false,
              "fail": true,
              "pending": false,
              "context": "{\n  \"title\": \"cypress-mochawesome-reporter-screenshots\",\n  \"value\": [\n    [\n      \"\\\\lente.cy.js\\\\Pedido de Lentes -- Realizar um Pedido de Envio de remessa (failed).png\"\n    ]\n  ]\n}",
              "code": "login('leonardo.miorim@kbase.com.br', '1bz592idyxHLw6');\nnavigateToPurchaseEnvioDeRemessa();\ncreateNewOrderEnvioDeRemessa();\ncompleteOrderEnvioDeRemessa();",
              "err": {
                "message": "AssertionError: Timed out retrying after 4000ms: Expected to find element: `#item-Soflens\\ 59`, but never found it.",
                "estack": "AssertionError: Timed out retrying after 4000ms: Expected to find element: `#item-Soflens\\ 59`, but never found it.\n    at createNewOrderEnvioDeRemessa (webpack://mark---1/./cypress/e2e/lente.cy.js:468:11)\n    at Context.eval (webpack://mark---1/./cypress/e2e/lente.cy.js:68:8)",
                "diff": null
              },
              "uuid": "507d44fa-2086-4560-819a-90c7515a536b",
              "parentUUID": "e161ea57-32a9-4161-9133-2f8c895d3752",
              "isHook": false,
              "skipped": false
            },
            {
              "title": "Realizar um Pedido de Remessa da caixa de prova",
              "fullTitle": "Pedido de Lentes Realizar um Pedido de Remessa da caixa de prova",
              "timedOut": null,
              "duration": 56086,
              "state": "passed",
              "speed": "slow",
              "pass": true,
              "fail": false,
              "pending": false,
              "context": null,
              "code": "login('leonardo.miorim@kbase.com.br', '1bz592idyxHLw6');\nnavigateToPurchase();\ncreateNewOrderRemessaDaCaixaDeProva();\ncompleteOrderRemessaDaCaixaDeProva();",
              "err": {},
              "uuid": "c580aacc-f354-4341-af31-a733032d85d5",
              "parentUUID": "e161ea57-32a9-4161-9133-2f8c895d3752",
              "isHook": false,
              "skipped": false
            },
            {
              "title": "Realizar um Pedido de Reposição da caixa de prova",
              "fullTitle": "Pedido de Lentes Realizar um Pedido de Reposição da caixa de prova",
              "timedOut": null,
              "duration": 55652,
              "state": "passed",
              "speed": "slow",
              "pass": true,
              "fail": false,
              "pending": false,
              "context": null,
              "code": "login('leonardo.miorim@kbase.com.br', '1bz592idyxHLw6');\nnavigateToPurchaseReposiçãoDaCaixaDeProva();\ncreateNewOrderReposiçãoDaCaixaDeProva();\ncompleteOrderReposiçãoDaCaixaDeProva();",
              "err": {},
              "uuid": "4b276406-7625-427a-8a01-49d2d7719139",
              "parentUUID": "e161ea57-32a9-4161-9133-2f8c895d3752",
              "isHook": false,
              "skipped": false
            },
            {
              "title": "Realizar um Pedido de garantia",
              "fullTitle": "Pedido de Lentes Realizar um Pedido de garantia",
              "timedOut": null,
              "duration": 60914,
              "state": "passed",
              "speed": "slow",
              "pass": true,
              "fail": false,
              "pending": false,
              "context": null,
              "code": "login('leonardo.miorim@kbase.com.br', '1bz592idyxHLw6');\nnavigateToPurchase();\ncreateNewOrderGarantia();\ncompleteOrderGarantia();",
              "err": {},
              "uuid": "57ce7955-77d6-419d-b116-60696b43f2bd",
              "parentUUID": "e161ea57-32a9-4161-9133-2f8c895d3752",
              "isHook": false,
              "skipped": false
            }
          ],
          "suites": [],
          "passes": [
            "bdd44506-55ba-4631-8ccf-b438cf3187ad",
            "cc4b2137-6f8b-4599-8287-7b5cbfa2d389",
            "d6524e07-d88f-4d2a-b052-c16ad111582f",
            "42afa3ee-4531-4d67-b15f-22b4612bebf6",
            "c12e6039-06f6-4cda-b532-760278dd666b",
            "cdcb9eca-279a-4d23-a6a6-b4c6578ab19d",
            "b2bcadb6-259f-4ce5-93be-38220a362bbc",
            "c580aacc-f354-4341-af31-a733032d85d5",
            "4b276406-7625-427a-8a01-49d2d7719139",
            "57ce7955-77d6-419d-b116-60696b43f2bd"
          ],
          "failures": [
            "507d44fa-2086-4560-819a-90c7515a536b"
          ],
          "pending": [],
          "skipped": [],
          "duration": 625976,
          "root": false,
          "rootEmpty": false,
          "_timeout": 2000
        }
      ],
      "passes": [],
      "failures": [],
      "pending": [],
      "skipped": [],
      "duration": 0,
      "root": true,
      "rootEmpty": true,
      "_timeout": 2000
    }
  ],
  "meta": {
    "mocha": {
      "version": "7.0.1"
    },
    "mochawesome": {
      "options": {
        "quiet": false,
        "reportFilename": "mochawesome",
        "saveHtml": false,
        "saveJson": true,
        "consoleReporter": "spec",
        "useInlineDiffs": false,
        "code": true
      },
      "version": "7.1.3"
    },
    "marge": {
      "options": {
        "reportDir": "cypress\\reports\\.jsons",
        "overwrite": false,
        "html": false,
        "json": true
      },
      "version": "6.2.0"
    }
  }
}