{
  "stats": {
    "suites": 1,
    "tests": 2,
    "passes": 0,
    "pending": 0,
    "failures": 2,
    "start": "2024-10-18T19:01:55.681Z",
    "end": "2024-10-18T19:02:21.791Z",
    "duration": 26110,
    "testsRegistered": 2,
    "passPercent": 0,
    "pendingPercent": 0,
    "other": 0,
    "hasOther": false,
    "skipped": 0,
    "hasSkipped": false
  },
  "results": [
    {
      "uuid": "e6b544fa-fe0f-405e-b976-54546d45baf7",
      "title": "",
      "fullFile": "cypress\\e2e\\cirurgicomx.cy.js",
      "file": "cypress\\e2e\\cirurgicomx.cy.js",
      "beforeHooks": [],
      "afterHooks": [],
      "tests": [],
      "suites": [
        {
          "uuid": "19c98b26-8823-4be6-8821-4feaa6846412",
          "title": "Pedido de Lentes",
          "fullFile": "",
          "file": "",
          "beforeHooks": [],
          "afterHooks": [],
          "tests": [
            {
              "title": "Realizar uma nova compra marketplace",
              "fullTitle": "Pedido de Lentes Realizar uma nova compra marketplace",
              "timedOut": null,
              "duration": 10974,
              "state": "failed",
              "speed": null,
              "pass": false,
              "fail": true,
              "pending": false,
              "context": "{\n  \"title\": \"cypress-mochawesome-reporter-screenshots\",\n  \"value\": [\n    [\n      \"\\\\cirurgicomx.cy.js\\\\Pedido de Lentes -- Realizar uma nova compra marketplace (failed).png\"\n    ]\n  ]\n}",
              "code": "login('leonardo.miorim@kbase.com.br', '1bz592idyxHLw6');\nnavigateToPurchaseMarketplace();\ncreateNewOrderMarketplace();\ncompleteOrderMarketplace();",
              "err": {
                "message": "AssertionError: Timed out retrying after 4000ms: Expected to find element: `body > div > toolbar-menu > sub-toolbar-menu > div > div > div.client-container > client-drawer > main > section > div`, but never found it.",
                "estack": "AssertionError: Timed out retrying after 4000ms: Expected to find element: `body > div > toolbar-menu > sub-toolbar-menu > div > div > div.client-container > client-drawer > main > section > div`, but never found it.\n    at navigateToPurchaseMarketplace (webpack://mark---1/./cypress/e2e/cirurgicomx.cy.js:35:11)\n    at Context.eval (webpack://mark---1/./cypress/e2e/cirurgicomx.cy.js:11:8)",
                "diff": null
              },
              "uuid": "0aa3f088-65be-4ccf-b9ac-a9a9a4125109",
              "parentUUID": "19c98b26-8823-4be6-8821-4feaa6846412",
              "isHook": false,
              "skipped": false
            },
            {
              "title": "Realizar uma compra pontual",
              "fullTitle": "Pedido de Lentes Realizar uma compra pontual",
              "timedOut": null,
              "duration": 11824,
              "state": "failed",
              "speed": null,
              "pass": false,
              "fail": true,
              "pending": false,
              "context": "{\n  \"title\": \"cypress-mochawesome-reporter-screenshots\",\n  \"value\": [\n    [\n      \"\\\\cirurgicomx.cy.js\\\\Pedido de Lentes -- Realizar uma compra pontual (failed).png\"\n    ]\n  ]\n}",
              "code": "login('leonardo.miorim@kbase.com.br', '1bz592idyxHLw6');\nnavigateToPurchase();\ncreateNewOrderPontual();\ncompleteOrderPontual();",
              "err": {
                "message": "AssertionError: Timed out retrying after 4000ms: Expected to find element: `body > div > toolbar-menu > sub-toolbar-menu > div > div > div.client-container > client-drawer > main > section > div`, but never found it.",
                "estack": "AssertionError: Timed out retrying after 4000ms: Expected to find element: `body > div > toolbar-menu > sub-toolbar-menu > div > div > div.client-container > client-drawer > main > section > div`, but never found it.\n    at navigateToPurchase (webpack://mark---1/./cypress/e2e/cirurgicomx.cy.js:46:11)\n    at Context.eval (webpack://mark---1/./cypress/e2e/cirurgicomx.cy.js:19:8)",
                "diff": null
              },
              "uuid": "238e1a41-b3bc-4c87-bb57-41cc0b20bf31",
              "parentUUID": "19c98b26-8823-4be6-8821-4feaa6846412",
              "isHook": false,
              "skipped": false
            }
          ],
          "suites": [],
          "passes": [],
          "failures": [
            "0aa3f088-65be-4ccf-b9ac-a9a9a4125109",
            "238e1a41-b3bc-4c87-bb57-41cc0b20bf31"
          ],
          "pending": [],
          "skipped": [],
          "duration": 22798,
          "root": false,
          "rootEmpty": false,
          "_timeout": 2000
        }
      ],
      "passes": [],
      "failures": [],
      "pending": [],
      "skipped": [],
      "duration": 0,
      "root": true,
      "rootEmpty": true,
      "_timeout": 2000
    }
  ],
  "meta": {
    "mocha": {
      "version": "7.0.1"
    },
    "mochawesome": {
      "options": {
        "quiet": false,
        "reportFilename": "mochawesome",
        "saveHtml": false,
        "saveJson": true,
        "consoleReporter": "spec",
        "useInlineDiffs": false,
        "code": true
      },
      "version": "7.1.3"
    },
    "marge": {
      "options": {
        "reportDir": "cypress\\reports\\.jsons",
        "overwrite": false,
        "html": false,
        "json": true
      },
      "version": "6.2.0"
    }
  }
}