{
  "stats": {
    "suites": 1,
    "tests": 6,
    "passes": 5,
    "pending": 0,
    "failures": 1,
    "start": "2024-10-04T19:31:58.154Z",
    "end": "2024-10-04T19:37:13.546Z",
    "duration": 315392,
    "testsRegistered": 6,
    "passPercent": 83.33333333333334,
    "pendingPercent": 0,
    "other": 0,
    "hasOther": false,
    "skipped": 0,
    "hasSkipped": false
  },
  "results": [
    {
      "uuid": "9a7be06e-c5c7-442e-9cd0-d3f9cbbcd0e8",
      "title": "",
      "fullFile": "cypress\\e2e\\solucoes.cy.js",
      "file": "cypress\\e2e\\solucoes.cy.js",
      "beforeHooks": [],
      "afterHooks": [],
      "tests": [],
      "suites": [
        {
          "uuid": "eedd3005-1795-42bd-af15-45976190014b",
          "title": "Pedido de Soluções",
          "fullFile": "",
          "file": "",
          "beforeHooks": [],
          "afterHooks": [],
          "tests": [
            {
              "title": "Realizar um novo pedido de bonificação",
              "fullTitle": "Pedido de Soluções Realizar um novo pedido de bonificação",
              "timedOut": null,
              "duration": 51545,
              "state": "passed",
              "speed": "slow",
              "pass": true,
              "fail": false,
              "pending": false,
              "context": null,
              "code": "login('leonardo.miorim@kbase.com.br', '1bz592idyxHLw6');\nnavigateToPurchase();\ncreateNewOrderBonificacao();\ncompleteBonificacaoOrder();",
              "err": {},
              "uuid": "efd0dcf5-1b66-4dca-990a-7c37a5f7ede5",
              "parentUUID": "eedd3005-1795-42bd-af15-45976190014b",
              "isHook": false,
              "skipped": false
            },
            {
              "title": "Realizar uma compra futura",
              "fullTitle": "Pedido de Soluções Realizar uma compra futura",
              "timedOut": null,
              "duration": 47766,
              "state": "passed",
              "speed": "slow",
              "pass": true,
              "fail": false,
              "pending": false,
              "context": null,
              "code": "login('leonardo.miorim@kbase.com.br', '1bz592idyxHLw6');\nnavigateToPurchase();\ncreateNewOrderFutura();\ncompleteOrderFutura();",
              "err": {},
              "uuid": "2e738d5c-5b79-4657-82d1-333fea57a537",
              "parentUUID": "eedd3005-1795-42bd-af15-45976190014b",
              "isHook": false,
              "skipped": false
            },
            {
              "title": "Realizar uma compra pontual",
              "fullTitle": "Pedido de Soluções Realizar uma compra pontual",
              "timedOut": null,
              "duration": 49574,
              "state": "passed",
              "speed": "slow",
              "pass": true,
              "fail": false,
              "pending": false,
              "context": null,
              "code": "login('leonardo.miorim@kbase.com.br', '1bz592idyxHLw6');\nnavigateToPurchase();\ncreateNewOrderPontual();\ncompleteOrderPontual();",
              "err": {},
              "uuid": "01eac582-936c-40ce-86e9-643d96824cdc",
              "parentUUID": "eedd3005-1795-42bd-af15-45976190014b",
              "isHook": false,
              "skipped": false
            },
            {
              "title": "Realizar um Pedido de amostra",
              "fullTitle": "Pedido de Soluções Realizar um Pedido de amostra",
              "timedOut": null,
              "duration": 43085,
              "state": "passed",
              "speed": "slow",
              "pass": true,
              "fail": false,
              "pending": false,
              "context": null,
              "code": "login('leonardo.miorim@kbase.com.br', '1bz592idyxHLw6');\nnavigateToPurchase();\ncreateNewOrderAmostra();\ncompleteOrderAmostra();",
              "err": {},
              "uuid": "785fe6ed-9e81-433e-9b37-fd63b9e07840",
              "parentUUID": "eedd3005-1795-42bd-af15-45976190014b",
              "isHook": false,
              "skipped": false
            },
            {
              "title": "Realizar um Pedido de Doação para Funcionário",
              "fullTitle": "Pedido de Soluções Realizar um Pedido de Doação para Funcionário",
              "timedOut": null,
              "duration": 56497,
              "state": "failed",
              "speed": null,
              "pass": false,
              "fail": true,
              "pending": false,
              "context": "{\n  \"title\": \"cypress-mochawesome-reporter-screenshots\",\n  \"value\": [\n    [\n      \"\\\\solucoes.cy.js\\\\Pedido de Soluções -- Realizar um Pedido de Doação para Funcionário (failed).png\"\n    ]\n  ]\n}",
              "code": "login('leonardo.miorim@kbase.com.br', '1bz592idyxHLw6');\nnavigateToPurchaseDoacaoParaFuncionario();\ncreateNewOrderDoacaoParaFuncionario();\ncompleteOrderDoacaoParaFuncionario();",
              "err": {
                "message": "AssertionError: Timed out retrying after 10000ms: Expected to find element: `div.header > button[ng-click=\"closeDialog()\"]`, but never found it.",
                "estack": "AssertionError: Timed out retrying after 10000ms: Expected to find element: `div.header > button[ng-click=\"closeDialog()\"]`, but never found it.\n    at completeOrderDoacaoParaFuncionario (webpack://mark---1/./cypress/e2e/solucoes.cy.js:300:11)\n    at Context.eval (webpack://mark---1/./cypress/e2e/solucoes.cy.js:46:8)",
                "diff": null
              },
              "uuid": "c12248c1-8431-45c2-bd83-3a9e81dd973c",
              "parentUUID": "eedd3005-1795-42bd-af15-45976190014b",
              "isHook": false,
              "skipped": false
            },
            {
              "title": "Realizar um Pedido de Envio de Remessa",
              "fullTitle": "Pedido de Soluções Realizar um Pedido de Envio de Remessa",
              "timedOut": null,
              "duration": 64199,
              "state": "passed",
              "speed": "slow",
              "pass": true,
              "fail": false,
              "pending": false,
              "context": null,
              "code": "login('leonardo.miorim@kbase.com.br', '1bz592idyxHLw6');\nnavigateToPurchaseEnvioDeRemessa();\ncreateNewOrderEnvioDeRemessa();\ncompleteOrderEnvioDeRemessa();",
              "err": {},
              "uuid": "8feca0c0-ae7a-42a0-aa5e-a188e766cf53",
              "parentUUID": "eedd3005-1795-42bd-af15-45976190014b",
              "isHook": false,
              "skipped": false
            }
          ],
          "suites": [],
          "passes": [
            "efd0dcf5-1b66-4dca-990a-7c37a5f7ede5",
            "2e738d5c-5b79-4657-82d1-333fea57a537",
            "01eac582-936c-40ce-86e9-643d96824cdc",
            "785fe6ed-9e81-433e-9b37-fd63b9e07840",
            "8feca0c0-ae7a-42a0-aa5e-a188e766cf53"
          ],
          "failures": [
            "c12248c1-8431-45c2-bd83-3a9e81dd973c"
          ],
          "pending": [],
          "skipped": [],
          "duration": 312666,
          "root": false,
          "rootEmpty": false,
          "_timeout": 2000
        }
      ],
      "passes": [],
      "failures": [],
      "pending": [],
      "skipped": [],
      "duration": 0,
      "root": true,
      "rootEmpty": true,
      "_timeout": 2000
    }
  ],
  "meta": {
    "mocha": {
      "version": "7.0.1"
    },
    "mochawesome": {
      "options": {
        "quiet": false,
        "reportFilename": "mochawesome",
        "saveHtml": false,
        "saveJson": true,
        "consoleReporter": "spec",
        "useInlineDiffs": false,
        "code": true
      },
      "version": "7.1.3"
    },
    "marge": {
      "options": {
        "reportDir": "cypress\\reports\\.jsons",
        "overwrite": false,
        "html": false,
        "json": true
      },
      "version": "6.2.0"
    }
  }
}