{
  "stats": {
    "suites": 1,
    "tests": 1,
    "passes": 1,
    "pending": 0,
    "failures": 0,
    "start": "2024-10-11T13:58:05.275Z",
    "end": "2024-10-11T13:59:02.598Z",
    "duration": 57323,
    "testsRegistered": 1,
    "passPercent": 100,
    "pendingPercent": 0,
    "other": 0,
    "hasOther": false,
    "skipped": 0,
    "hasSkipped": false
  },
  "results": [
    {
      "uuid": "d4fa8e04-0050-4b50-84b1-f068b9a39e2c",
      "title": "",
      "fullFile": "cypress\\e2e\\cirurgicomx.cy.js",
      "file": "cypress\\e2e\\cirurgicomx.cy.js",
      "beforeHooks": [],
      "afterHooks": [],
      "tests": [],
      "suites": [
        {
          "uuid": "8cf251e1-9302-4ea6-9f90-5ac8e0f91196",
          "title": "Pedido de Lentes",
          "fullFile": "",
          "file": "",
          "beforeHooks": [],
          "afterHooks": [],
          "tests": [
            {
              "title": "Realizar uma nova compra marketplace",
              "fullTitle": "Pedido de Lentes Realizar uma nova compra marketplace",
              "timedOut": null,
              "duration": 54471,
              "state": "passed",
              "speed": "slow",
              "pass": true,
              "fail": false,
              "pending": false,
              "context": null,
              "code": "login('leonardo.miorim@kbase.com.br', '1bz592idyxHLw6');\nnavigateToPurchaseMarketplace();\ncreateNewOrderMarketplace();\ncompleteOrderMarketplace();",
              "err": {},
              "uuid": "ca179371-3ccc-47e6-ad50-4b0235af6ebf",
              "parentUUID": "8cf251e1-9302-4ea6-9f90-5ac8e0f91196",
              "isHook": false,
              "skipped": false
            }
          ],
          "suites": [],
          "passes": [
            "ca179371-3ccc-47e6-ad50-4b0235af6ebf"
          ],
          "failures": [],
          "pending": [],
          "skipped": [],
          "duration": 54471,
          "root": false,
          "rootEmpty": false,
          "_timeout": 2000
        }
      ],
      "passes": [],
      "failures": [],
      "pending": [],
      "skipped": [],
      "duration": 0,
      "root": true,
      "rootEmpty": true,
      "_timeout": 2000
    }
  ],
  "meta": {
    "mocha": {
      "version": "7.0.1"
    },
    "mochawesome": {
      "options": {
        "quiet": false,
        "reportFilename": "mochawesome",
        "saveHtml": false,
        "saveJson": true,
        "consoleReporter": "spec",
        "useInlineDiffs": false,
        "code": true
      },
      "version": "7.1.3"
    },
    "marge": {
      "options": {
        "reportDir": "cypress\\reports\\.jsons",
        "overwrite": false,
        "html": false,
        "json": true
      },
      "version": "6.2.0"
    }
  }
}