{
  "stats": {
    "suites": 1,
    "tests": 11,
    "passes": 7,
    "pending": 0,
    "failures": 4,
    "start": "2024-10-21T20:41:54.845Z",
    "end": "2024-10-21T20:54:33.144Z",
    "duration": 758299,
    "testsRegistered": 11,
    "passPercent": 63.63636363636363,
    "pendingPercent": 0,
    "other": 0,
    "hasOther": false,
    "skipped": 0,
    "hasSkipped": false
  },
  "results": [
    {
      "uuid": "7ea20103-f757-4a56-a2a0-71cfa3202140",
      "title": "",
      "fullFile": "cypress\\e2e\\lente.cy.js",
      "file": "cypress\\e2e\\lente.cy.js",
      "beforeHooks": [],
      "afterHooks": [],
      "tests": [],
      "suites": [
        {
          "uuid": "2a7409d4-4a05-4b1d-8139-2149a0b84e30",
          "title": "Pedido de Lentes",
          "fullFile": "",
          "file": "",
          "beforeHooks": [],
          "afterHooks": [],
          "tests": [
            {
              "title": "Realizar um novo pedido de bonificação",
              "fullTitle": "Pedido de Lentes Realizar um novo pedido de bonificação",
              "timedOut": null,
              "duration": 64670,
              "state": "passed",
              "speed": "slow",
              "pass": true,
              "fail": false,
              "pending": false,
              "context": null,
              "code": "login('leonardo.miorim@kbase.com.br', '1bz592idyxHLw6');\nnavigateToPurchase();\ncreateNewOrderBonificacao();\ncompleteBonificacaoOrder();",
              "err": {},
              "uuid": "02c3e43d-7f46-4063-81aa-5766dfd5a9b1",
              "parentUUID": "2a7409d4-4a05-4b1d-8139-2149a0b84e30",
              "isHook": false,
              "skipped": false
            },
            {
              "title": "Realizar uma compra futura",
              "fullTitle": "Pedido de Lentes Realizar uma compra futura",
              "timedOut": null,
              "duration": 64938,
              "state": "failed",
              "speed": null,
              "pass": false,
              "fail": true,
              "pending": false,
              "context": "{\n  \"title\": \"cypress-mochawesome-reporter-screenshots\",\n  \"value\": [\n    [\n      \"\\\\lente.cy.js\\\\Pedido de Lentes -- Realizar uma compra futura (failed).png\"\n    ]\n  ]\n}",
              "code": "login('leonardo.miorim@kbase.com.br', '1bz592idyxHLw6');\nnavigateToPurchase();\ncreateNewOrderFutura();\ncompleteOrderFutura();",
              "err": {
                "message": "AssertionError: Timed out retrying after 10000ms: Expected to find element: `div.header > button[ng-click=\"closeDialog()\"]`, but never found it.",
                "estack": "AssertionError: Timed out retrying after 10000ms: Expected to find element: `div.header > button[ng-click=\"closeDialog()\"]`, but never found it.\n    at completeOrderFutura (webpack://mark---1/./cypress/e2e/lente.cy.js:229:11)\n    at Context.eval (webpack://mark---1/./cypress/e2e/lente.cy.js:21:8)",
                "diff": null
              },
              "uuid": "16829377-95d6-4076-bb9b-2c423768e70f",
              "parentUUID": "2a7409d4-4a05-4b1d-8139-2149a0b84e30",
              "isHook": false,
              "skipped": false
            },
            {
              "title": "Realizar uma compra pontual",
              "fullTitle": "Pedido de Lentes Realizar uma compra pontual",
              "timedOut": null,
              "duration": 69236,
              "state": "failed",
              "speed": null,
              "pass": false,
              "fail": true,
              "pending": false,
              "context": "{\n  \"title\": \"cypress-mochawesome-reporter-screenshots\",\n  \"value\": [\n    [\n      \"\\\\lente.cy.js\\\\Pedido de Lentes -- Realizar uma compra pontual (failed).png\"\n    ]\n  ]\n}",
              "code": "login('leonardo.miorim@kbase.com.br', '1bz592idyxHLw6');\nnavigateToPurchase();\ncreateNewOrderPontual();\ncompleteOrderPontual();",
              "err": {
                "message": "AssertionError: Timed out retrying after 10000ms: Expected to find element: `div.header > button[ng-click=\"closeDialog()\"]`, but never found it.",
                "estack": "AssertionError: Timed out retrying after 10000ms: Expected to find element: `div.header > button[ng-click=\"closeDialog()\"]`, but never found it.\n    at completeOrderPontual (webpack://mark---1/./cypress/e2e/lente.cy.js:271:11)\n    at Context.eval (webpack://mark---1/./cypress/e2e/lente.cy.js:29:8)",
                "diff": null
              },
              "uuid": "012f61f4-0e17-4ad6-a0bc-815e7ec34bb9",
              "parentUUID": "2a7409d4-4a05-4b1d-8139-2149a0b84e30",
              "isHook": false,
              "skipped": false
            },
            {
              "title": "Realizar um Pedido de amostra",
              "fullTitle": "Pedido de Lentes Realizar um Pedido de amostra",
              "timedOut": null,
              "duration": 58951,
              "state": "passed",
              "speed": "slow",
              "pass": true,
              "fail": false,
              "pending": false,
              "context": null,
              "code": "login('leonardo.miorim@kbase.com.br', '1bz592idyxHLw6');\nnavigateToPurchase();\ncreateNewOrderAmostra();\ncompleteOrderAmostra();",
              "err": {},
              "uuid": "cb6f605d-12f7-409d-869d-6d484594a795",
              "parentUUID": "2a7409d4-4a05-4b1d-8139-2149a0b84e30",
              "isHook": false,
              "skipped": false
            },
            {
              "title": "Realizar um Pedido de devolução",
              "fullTitle": "Pedido de Lentes Realizar um Pedido de devolução",
              "timedOut": null,
              "duration": 64902,
              "state": "passed",
              "speed": "slow",
              "pass": true,
              "fail": false,
              "pending": false,
              "context": null,
              "code": "login('leonardo.miorim@kbase.com.br', '1bz592idyxHLw6');\nnavigateToPurchase();\ncreateNewOrderDevolucao();\ncompleteOrderDevolucao();",
              "err": {},
              "uuid": "2a2359ae-c64f-451b-baec-5edae23c9d95",
              "parentUUID": "2a7409d4-4a05-4b1d-8139-2149a0b84e30",
              "isHook": false,
              "skipped": false
            },
            {
              "title": "Realizar um Pedido de Doação para Funcionário",
              "fullTitle": "Pedido de Lentes Realizar um Pedido de Doação para Funcionário",
              "timedOut": null,
              "duration": 71072,
              "state": "passed",
              "speed": "slow",
              "pass": true,
              "fail": false,
              "pending": false,
              "context": null,
              "code": "login('leonardo.miorim@kbase.com.br', '1bz592idyxHLw6');\nnavigateToPurchaseDoacaoParaFuncionario();\ncreateNewOrderDoacaoParaFuncionario();\ncompleteOrderDoacaoParaFuncionario();",
              "err": {},
              "uuid": "4554495b-6421-495c-b8e9-1acee76deb6b",
              "parentUUID": "2a7409d4-4a05-4b1d-8139-2149a0b84e30",
              "isHook": false,
              "skipped": false
            },
            {
              "title": "Realizar um Pedido de Troca",
              "fullTitle": "Pedido de Lentes Realizar um Pedido de Troca",
              "timedOut": null,
              "duration": 103851,
              "state": "passed",
              "speed": "slow",
              "pass": true,
              "fail": false,
              "pending": false,
              "context": null,
              "code": "login('leonardo.miorim@kbase.com.br', '1bz592idyxHLw6');\nnavigateToPurchase();\ncreateNewOrderTroca();\ncompleteOrderTroca();",
              "err": {},
              "uuid": "b1f689d7-0d4c-454a-9627-4183fc53a5a6",
              "parentUUID": "2a7409d4-4a05-4b1d-8139-2149a0b84e30",
              "isHook": false,
              "skipped": false
            },
            {
              "title": "Realizar um Pedido de Envio de remessa",
              "fullTitle": "Pedido de Lentes Realizar um Pedido de Envio de remessa",
              "timedOut": null,
              "duration": 49864,
              "state": "failed",
              "speed": null,
              "pass": false,
              "fail": true,
              "pending": false,
              "context": "{\n  \"title\": \"cypress-mochawesome-reporter-screenshots\",\n  \"value\": [\n    [\n      \"\\\\lente.cy.js\\\\Pedido de Lentes -- Realizar um Pedido de Envio de remessa (failed).png\"\n    ]\n  ]\n}",
              "code": "login('leonardo.miorim@kbase.com.br', '1bz592idyxHLw6');\nnavigateToPurchaseEnvioDeRemessa();\ncreateNewOrderEnvioDeRemessa();\ncompleteOrderEnvioDeRemessa();",
              "err": {
                "message": "AssertionError: Timed out retrying after 4000ms: Expected to find element: `body > div.md-dialog-container.ng-scope > md-dialog > md-toolbar > div > a > md-icon`, but never found it.",
                "estack": "AssertionError: Timed out retrying after 4000ms: Expected to find element: `body > div.md-dialog-container.ng-scope > md-dialog > md-toolbar > div > a > md-icon`, but never found it.\n    at createNewOrderEnvioDeRemessa (webpack://mark---1/./cypress/e2e/lente.cy.js:466:11)\n    at Context.eval (webpack://mark---1/./cypress/e2e/lente.cy.js:68:8)",
                "diff": null
              },
              "uuid": "955def68-0da9-41a7-afc8-19ad89b9e267",
              "parentUUID": "2a7409d4-4a05-4b1d-8139-2149a0b84e30",
              "isHook": false,
              "skipped": false
            },
            {
              "title": "Realizar um Pedido de Remessa da caixa de prova",
              "fullTitle": "Pedido de Lentes Realizar um Pedido de Remessa da caixa de prova",
              "timedOut": null,
              "duration": 69947,
              "state": "passed",
              "speed": "slow",
              "pass": true,
              "fail": false,
              "pending": false,
              "context": null,
              "code": "login('leonardo.miorim@kbase.com.br', '1bz592idyxHLw6');\nnavigateToPurchase();\ncreateNewOrderRemessaDaCaixaDeProva();\ncompleteOrderRemessaDaCaixaDeProva();",
              "err": {},
              "uuid": "c662742c-9f72-4651-8744-d56ce8e112b8",
              "parentUUID": "2a7409d4-4a05-4b1d-8139-2149a0b84e30",
              "isHook": false,
              "skipped": false
            },
            {
              "title": "Realizar um Pedido de Reposição da caixa de prova",
              "fullTitle": "Pedido de Lentes Realizar um Pedido de Reposição da caixa de prova",
              "timedOut": null,
              "duration": 50057,
              "state": "failed",
              "speed": null,
              "pass": false,
              "fail": true,
              "pending": false,
              "context": "{\n  \"title\": \"cypress-mochawesome-reporter-screenshots\",\n  \"value\": [\n    [\n      \"\\\\lente.cy.js\\\\Pedido de Lentes -- Realizar um Pedido de Reposição da caixa de prova (failed).png\"\n    ]\n  ]\n}",
              "code": "login('leonardo.miorim@kbase.com.br', '1bz592idyxHLw6');\nnavigateToPurchaseReposiçãoDaCaixaDeProva();\ncreateNewOrderReposiçãoDaCaixaDeProva();\ncompleteOrderReposiçãoDaCaixaDeProva();",
              "err": {
                "message": "AssertionError: Timed out retrying after 4000ms: Expected to find element: `body > div > md-content > ng-view > div > section.item-section > div.card-container.layout-align-end-center.layout-row > div > div.card-content > div.selection-list-container.ng-scope.layout-column.flex > selection-list > main > md-list > md-list-item:nth-child(1) > div.selection-item-row.layout-align-start-center.layout-row > div.ng-scope.flex-5.layout-align-start-start.layout-column > span > label > span > span`, but never found it.",
                "estack": "AssertionError: Timed out retrying after 4000ms: Expected to find element: `body > div > md-content > ng-view > div > section.item-section > div.card-container.layout-align-end-center.layout-row > div > div.card-content > div.selection-list-container.ng-scope.layout-column.flex > selection-list > main > md-list > md-list-item:nth-child(1) > div.selection-item-row.layout-align-start-center.layout-row > div.ng-scope.flex-5.layout-align-start-start.layout-column > span > label > span > span`, but never found it.\n    at createNewOrderReposiçãoDaCaixaDeProva (webpack://mark---1/./cypress/e2e/lente.cy.js:559:11)\n    at Context.eval (webpack://mark---1/./cypress/e2e/lente.cy.js:84:8)",
                "diff": null
              },
              "uuid": "b80aa289-f0d7-4ef6-9137-74ec60f90526",
              "parentUUID": "2a7409d4-4a05-4b1d-8139-2149a0b84e30",
              "isHook": false,
              "skipped": false
            },
            {
              "title": "Realizar um Pedido de garantia",
              "fullTitle": "Pedido de Lentes Realizar um Pedido de garantia",
              "timedOut": null,
              "duration": 81460,
              "state": "passed",
              "speed": "slow",
              "pass": true,
              "fail": false,
              "pending": false,
              "context": null,
              "code": "login('leonardo.miorim@kbase.com.br', '1bz592idyxHLw6');\nnavigateToPurchase();\ncreateNewOrderGarantia();\ncompleteOrderGarantia();",
              "err": {},
              "uuid": "9bfda4aa-ee56-4f83-898b-f8284fb3fb74",
              "parentUUID": "2a7409d4-4a05-4b1d-8139-2149a0b84e30",
              "isHook": false,
              "skipped": false
            }
          ],
          "suites": [],
          "passes": [
            "02c3e43d-7f46-4063-81aa-5766dfd5a9b1",
            "cb6f605d-12f7-409d-869d-6d484594a795",
            "2a2359ae-c64f-451b-baec-5edae23c9d95",
            "4554495b-6421-495c-b8e9-1acee76deb6b",
            "b1f689d7-0d4c-454a-9627-4183fc53a5a6",
            "c662742c-9f72-4651-8744-d56ce8e112b8",
            "9bfda4aa-ee56-4f83-898b-f8284fb3fb74"
          ],
          "failures": [
            "16829377-95d6-4076-bb9b-2c423768e70f",
            "012f61f4-0e17-4ad6-a0bc-815e7ec34bb9",
            "955def68-0da9-41a7-afc8-19ad89b9e267",
            "b80aa289-f0d7-4ef6-9137-74ec60f90526"
          ],
          "pending": [],
          "skipped": [],
          "duration": 748948,
          "root": false,
          "rootEmpty": false,
          "_timeout": 2000
        }
      ],
      "passes": [],
      "failures": [],
      "pending": [],
      "skipped": [],
      "duration": 0,
      "root": true,
      "rootEmpty": true,
      "_timeout": 2000
    }
  ],
  "meta": {
    "mocha": {
      "version": "7.0.1"
    },
    "mochawesome": {
      "options": {
        "quiet": false,
        "reportFilename": "mochawesome",
        "saveHtml": false,
        "saveJson": true,
        "consoleReporter": "spec",
        "useInlineDiffs": false,
        "code": true
      },
      "version": "7.1.3"
    },
    "marge": {
      "options": {
        "reportDir": "cypress\\reports\\.jsons",
        "overwrite": false,
        "html": false,
        "json": true
      },
      "version": "6.2.0"
    }
  }
}