{
  "stats": {
    "suites": 1,
    "tests": 3,
    "passes": 1,
    "pending": 0,
    "failures": 2,
    "start": "2024-10-11T18:11:22.868Z",
    "end": "2024-10-11T18:14:01.918Z",
    "duration": 159050,
    "testsRegistered": 3,
    "passPercent": 33.33333333333333,
    "pendingPercent": 0,
    "other": 0,
    "hasOther": false,
    "skipped": 0,
    "hasSkipped": false
  },
  "results": [
    {
      "uuid": "870f2515-fd6b-40b7-a8d1-4a05c0e03eca",
      "title": "",
      "fullFile": "cypress\\e2e\\solucoes.cy.js",
      "file": "cypress\\e2e\\solucoes.cy.js",
      "beforeHooks": [],
      "afterHooks": [],
      "tests": [],
      "suites": [
        {
          "uuid": "f4bede92-1749-4bd4-8fd4-ca9f92975d67",
          "title": "Pedido de Soluções",
          "fullFile": "",
          "file": "",
          "beforeHooks": [],
          "afterHooks": [],
          "tests": [
            {
              "title": "Realizar uma compra futura",
              "fullTitle": "Pedido de Soluções Realizar uma compra futura",
              "timedOut": null,
              "duration": 42249,
              "state": "failed",
              "speed": null,
              "pass": false,
              "fail": true,
              "pending": false,
              "context": "{\n  \"title\": \"cypress-mochawesome-reporter-screenshots\",\n  \"value\": [\n    [\n      \"\\\\solucoes.cy.js\\\\Pedido de Soluções -- Realizar uma compra futura (failed).png\"\n    ]\n  ]\n}",
              "code": "login('leonardo.miorim@kbase.com.br', '1bz592idyxHLw6');\nnavigateToPurchase();\ncreateNewOrderFutura();\ncompleteOrderFutura();",
              "err": {
                "message": "CypressError: Timed out retrying after 4050ms: `cy.click()` failed because this element:\n\n`<div id=\"item-PACKON RENU FRESH 355ML+120ML\" layout=\"column\" class=\"product-frame layout-column\">...</div>`\n\nis being covered by another element:\n\n`<table-list flex-table=\"true\" items=\"pvfList\" columns=\"listColumns\" sort-property=\"pvfListSortByDefault\" is-empty=\"pvfListIsEmpty\" class=\"ng-isolate-scope\">...</table-list>`\n\nFix this problem, or use {force: true} to disable error checking.\n\nhttps://on.cypress.io/element-cannot-be-interacted-with",
                "estack": "CypressError: Timed out retrying after 4050ms: `cy.click()` failed because this element:\n\n`<div id=\"item-PACKON RENU FRESH 355ML+120ML\" layout=\"column\" class=\"product-frame layout-column\">...</div>`\n\nis being covered by another element:\n\n`<table-list flex-table=\"true\" items=\"pvfList\" columns=\"listColumns\" sort-property=\"pvfListSortByDefault\" is-empty=\"pvfListIsEmpty\" class=\"ng-isolate-scope\">...</table-list>`\n\nFix this problem, or use {force: true} to disable error checking.\n\nhttps://on.cypress.io/element-cannot-be-interacted-with\n    at ensureIsDescendent (https://b2bdev.bausch.com.br/__cypress/runner/cypress_runner.js:112428:68)\n    at ensureDescendents (https://b2bdev.bausch.com.br/__cypress/runner/cypress_runner.js:112479:5)\n    at ensureDescendentsAndScroll (https://b2bdev.bausch.com.br/__cypress/runner/cypress_runner.js:112485:14)\n    at ensureElIsNotCovered (https://b2bdev.bausch.com.br/__cypress/runner/cypress_runner.js:112616:5)\n    at runAllChecks (https://b2bdev.bausch.com.br/__cypress/runner/cypress_runner.js:112815:52)\n    at retryActionability (https://b2bdev.bausch.com.br/__cypress/runner/cypress_runner.js:112852:16)\n    at tryCatcher (https://b2bdev.bausch.com.br/__cypress/runner/cypress_runner.js:1807:23)\n    at Promise.attempt.Promise.try (https://b2bdev.bausch.com.br/__cypress/runner/cypress_runner.js:4315:29)\n    at whenStable (https://b2bdev.bausch.com.br/__cypress/runner/cypress_runner.js:143678:68)\n    at <unknown> (https://b2bdev.bausch.com.br/__cypress/runner/cypress_runner.js:143619:14)\n    at tryCatcher (https://b2bdev.bausch.com.br/__cypress/runner/cypress_runner.js:1807:23)\n    at Promise._settlePromiseFromHandler (https://b2bdev.bausch.com.br/__cypress/runner/cypress_runner.js:1519:31)\n    at Promise._settlePromise (https://b2bdev.bausch.com.br/__cypress/runner/cypress_runner.js:1576:18)\n    at Promise._settlePromise0 (https://b2bdev.bausch.com.br/__cypress/runner/cypress_runner.js:1621:10)\n    at Promise._settlePromises (https://b2bdev.bausch.com.br/__cypress/runner/cypress_runner.js:1701:18)\n    at Promise._fulfill (https://b2bdev.bausch.com.br/__cypress/runner/cypress_runner.js:1645:18)\n    at <unknown> (https://b2bdev.bausch.com.br/__cypress/runner/cypress_runner.js:5450:46)\nFrom Your Spec Code:\n    at createNewOrderFutura (webpack://mark---1/./cypress/e2e/solucoes.cy.js:155:62)\n    at Context.eval (webpack://mark---1/./cypress/e2e/solucoes.cy.js:21:8)",
                "diff": null
              },
              "uuid": "1a98cfbb-4d13-4d33-a4b9-2fb1d1ddc31c",
              "parentUUID": "f4bede92-1749-4bd4-8fd4-ca9f92975d67",
              "isHook": false,
              "skipped": false
            },
            {
              "title": "Realizar uma compra pontual",
              "fullTitle": "Pedido de Soluções Realizar uma compra pontual",
              "timedOut": null,
              "duration": 42837,
              "state": "failed",
              "speed": null,
              "pass": false,
              "fail": true,
              "pending": false,
              "context": "{\n  \"title\": \"cypress-mochawesome-reporter-screenshots\",\n  \"value\": [\n    [\n      \"\\\\solucoes.cy.js\\\\Pedido de Soluções -- Realizar uma compra pontual (failed).png\"\n    ]\n  ]\n}",
              "code": "login('leonardo.miorim@kbase.com.br', '1bz592idyxHLw6');\nnavigateToPurchase();\ncreateNewOrderPontual();\ncompleteOrderPontual();",
              "err": {
                "message": "CypressError: Timed out retrying after 4050ms: `cy.click()` failed because this element:\n\n`<div id=\"item-PACKON RENU FRESH 355ML+120ML\" layout=\"column\" class=\"product-frame layout-column\">...</div>`\n\nis being covered by another element:\n\n`<table-list flex-table=\"true\" items=\"pvfList\" columns=\"listColumns\" sort-property=\"pvfListSortByDefault\" is-empty=\"pvfListIsEmpty\" class=\"ng-isolate-scope\">...</table-list>`\n\nFix this problem, or use {force: true} to disable error checking.\n\nhttps://on.cypress.io/element-cannot-be-interacted-with",
                "estack": "CypressError: Timed out retrying after 4050ms: `cy.click()` failed because this element:\n\n`<div id=\"item-PACKON RENU FRESH 355ML+120ML\" layout=\"column\" class=\"product-frame layout-column\">...</div>`\n\nis being covered by another element:\n\n`<table-list flex-table=\"true\" items=\"pvfList\" columns=\"listColumns\" sort-property=\"pvfListSortByDefault\" is-empty=\"pvfListIsEmpty\" class=\"ng-isolate-scope\">...</table-list>`\n\nFix this problem, or use {force: true} to disable error checking.\n\nhttps://on.cypress.io/element-cannot-be-interacted-with\n    at ensureIsDescendent (https://b2bdev.bausch.com.br/__cypress/runner/cypress_runner.js:112428:68)\n    at ensureDescendents (https://b2bdev.bausch.com.br/__cypress/runner/cypress_runner.js:112479:5)\n    at ensureDescendentsAndScroll (https://b2bdev.bausch.com.br/__cypress/runner/cypress_runner.js:112485:14)\n    at ensureElIsNotCovered (https://b2bdev.bausch.com.br/__cypress/runner/cypress_runner.js:112616:5)\n    at runAllChecks (https://b2bdev.bausch.com.br/__cypress/runner/cypress_runner.js:112815:52)\n    at retryActionability (https://b2bdev.bausch.com.br/__cypress/runner/cypress_runner.js:112852:16)\n    at tryCatcher (https://b2bdev.bausch.com.br/__cypress/runner/cypress_runner.js:1807:23)\n    at Promise.attempt.Promise.try (https://b2bdev.bausch.com.br/__cypress/runner/cypress_runner.js:4315:29)\n    at whenStable (https://b2bdev.bausch.com.br/__cypress/runner/cypress_runner.js:143678:68)\n    at <unknown> (https://b2bdev.bausch.com.br/__cypress/runner/cypress_runner.js:143619:14)\n    at tryCatcher (https://b2bdev.bausch.com.br/__cypress/runner/cypress_runner.js:1807:23)\n    at Promise._settlePromiseFromHandler (https://b2bdev.bausch.com.br/__cypress/runner/cypress_runner.js:1519:31)\n    at Promise._settlePromise (https://b2bdev.bausch.com.br/__cypress/runner/cypress_runner.js:1576:18)\n    at Promise._settlePromise0 (https://b2bdev.bausch.com.br/__cypress/runner/cypress_runner.js:1621:10)\n    at Promise._settlePromises (https://b2bdev.bausch.com.br/__cypress/runner/cypress_runner.js:1701:18)\n    at Promise._fulfill (https://b2bdev.bausch.com.br/__cypress/runner/cypress_runner.js:1645:18)\n    at <unknown> (https://b2bdev.bausch.com.br/__cypress/runner/cypress_runner.js:5450:46)\nFrom Your Spec Code:\n    at createNewOrderPontual (webpack://mark---1/./cypress/e2e/solucoes.cy.js:196:62)\n    at Context.eval (webpack://mark---1/./cypress/e2e/solucoes.cy.js:29:8)",
                "diff": null
              },
              "uuid": "8e7a59ed-0532-4bbf-aa62-af1af8f81629",
              "parentUUID": "f4bede92-1749-4bd4-8fd4-ca9f92975d67",
              "isHook": false,
              "skipped": false
            },
            {
              "title": "Realizar um Pedido de Envio de Remessa",
              "fullTitle": "Pedido de Soluções Realizar um Pedido de Envio de Remessa",
              "timedOut": null,
              "duration": 70173,
              "state": "passed",
              "speed": "slow",
              "pass": true,
              "fail": false,
              "pending": false,
              "context": null,
              "code": "login('leonardo.miorim@kbase.com.br', '1bz592idyxHLw6');\nnavigateToPurchaseEnvioDeRemessa();\ncreateNewOrderEnvioDeRemessa();\ncompleteOrderEnvioDeRemessa();",
              "err": {},
              "uuid": "9c6f7e62-ce80-492b-b212-90cbe3409a30",
              "parentUUID": "f4bede92-1749-4bd4-8fd4-ca9f92975d67",
              "isHook": false,
              "skipped": false
            }
          ],
          "suites": [],
          "passes": [
            "9c6f7e62-ce80-492b-b212-90cbe3409a30"
          ],
          "failures": [
            "1a98cfbb-4d13-4d33-a4b9-2fb1d1ddc31c",
            "8e7a59ed-0532-4bbf-aa62-af1af8f81629"
          ],
          "pending": [],
          "skipped": [],
          "duration": 155259,
          "root": false,
          "rootEmpty": false,
          "_timeout": 2000
        }
      ],
      "passes": [],
      "failures": [],
      "pending": [],
      "skipped": [],
      "duration": 0,
      "root": true,
      "rootEmpty": true,
      "_timeout": 2000
    }
  ],
  "meta": {
    "mocha": {
      "version": "7.0.1"
    },
    "mochawesome": {
      "options": {
        "quiet": false,
        "reportFilename": "mochawesome",
        "saveHtml": false,
        "saveJson": true,
        "consoleReporter": "spec",
        "useInlineDiffs": false,
        "code": true
      },
      "version": "7.1.3"
    },
    "marge": {
      "options": {
        "reportDir": "cypress\\reports\\.jsons",
        "overwrite": false,
        "html": false,
        "json": true
      },
      "version": "6.2.0"
    }
  }
}