{
  "stats": {
    "suites": 1,
    "tests": 11,
    "passes": 0,
    "pending": 0,
    "failures": 11,
    "start": "2024-10-19T10:49:07.411Z",
    "end": "2024-10-19T10:51:19.700Z",
    "duration": 132289,
    "testsRegistered": 11,
    "passPercent": 0,
    "pendingPercent": 0,
    "other": 0,
    "hasOther": false,
    "skipped": 0,
    "hasSkipped": false
  },
  "results": [
    {
      "uuid": "db93179a-1767-4202-92e1-6f0a6bdfc651",
      "title": "",
      "fullFile": "cypress\\e2e\\lente.cy.js",
      "file": "cypress\\e2e\\lente.cy.js",
      "beforeHooks": [],
      "afterHooks": [],
      "tests": [],
      "suites": [
        {
          "uuid": "4bef2efd-4966-4922-acd4-d7107f0c43c9",
          "title": "Pedido de Lentes",
          "fullFile": "",
          "file": "",
          "beforeHooks": [],
          "afterHooks": [],
          "tests": [
            {
              "title": "Realizar um novo pedido de bonificação",
              "fullTitle": "Pedido de Lentes Realizar um novo pedido de bonificação",
              "timedOut": null,
              "duration": 11639,
              "state": "failed",
              "speed": null,
              "pass": false,
              "fail": true,
              "pending": false,
              "context": "{\n  \"title\": \"cypress-mochawesome-reporter-screenshots\",\n  \"value\": [\n    [\n      \"\\\\lente.cy.js\\\\Pedido de Lentes -- Realizar um novo pedido de bonificação (failed).png\"\n    ]\n  ]\n}",
              "code": "login('leonardo.miorim@kbase.com.br', '1bz592idyxHLw6');\nnavigateToPurchase();\ncreateNewOrderBonificacao();\ncompleteBonificacaoOrder();",
              "err": {
                "message": "AssertionError: Timed out retrying after 4000ms: Expected to find element: `body > div > toolbar-menu > sub-toolbar-menu > div > div > div.client-container > client-drawer > main > section > div`, but never found it.",
                "estack": "AssertionError: Timed out retrying after 4000ms: Expected to find element: `body > div > toolbar-menu > sub-toolbar-menu > div > div > div.client-container > client-drawer > main > section > div`, but never found it.\n    at navigateToPurchase (webpack://mark---1/./cypress/e2e/lente.cy.js:118:11)\n    at Context.eval (webpack://mark---1/./cypress/e2e/lente.cy.js:11:8)",
                "diff": null
              },
              "uuid": "be57081a-55fa-4e2c-8874-5e64b5877216",
              "parentUUID": "4bef2efd-4966-4922-acd4-d7107f0c43c9",
              "isHook": false,
              "skipped": false
            },
            {
              "title": "Realizar uma compra futura",
              "fullTitle": "Pedido de Lentes Realizar uma compra futura",
              "timedOut": null,
              "duration": 11362,
              "state": "failed",
              "speed": null,
              "pass": false,
              "fail": true,
              "pending": false,
              "context": "{\n  \"title\": \"cypress-mochawesome-reporter-screenshots\",\n  \"value\": [\n    [\n      \"\\\\lente.cy.js\\\\Pedido de Lentes -- Realizar uma compra futura (failed).png\"\n    ]\n  ]\n}",
              "code": "login('leonardo.miorim@kbase.com.br', '1bz592idyxHLw6');\nnavigateToPurchase();\ncreateNewOrderFutura();\ncompleteOrderFutura();",
              "err": {
                "message": "AssertionError: Timed out retrying after 4000ms: Expected to find element: `body > div > toolbar-menu > sub-toolbar-menu > div > div > div.client-container > client-drawer > main > section > div`, but never found it.",
                "estack": "AssertionError: Timed out retrying after 4000ms: Expected to find element: `body > div > toolbar-menu > sub-toolbar-menu > div > div > div.client-container > client-drawer > main > section > div`, but never found it.\n    at navigateToPurchase (webpack://mark---1/./cypress/e2e/lente.cy.js:118:11)\n    at Context.eval (webpack://mark---1/./cypress/e2e/lente.cy.js:19:8)",
                "diff": null
              },
              "uuid": "3ff2170a-9d35-49f2-9d4b-d92dd706ebf6",
              "parentUUID": "4bef2efd-4966-4922-acd4-d7107f0c43c9",
              "isHook": false,
              "skipped": false
            },
            {
              "title": "Realizar uma compra pontual",
              "fullTitle": "Pedido de Lentes Realizar uma compra pontual",
              "timedOut": null,
              "duration": 11750,
              "state": "failed",
              "speed": null,
              "pass": false,
              "fail": true,
              "pending": false,
              "context": "{\n  \"title\": \"cypress-mochawesome-reporter-screenshots\",\n  \"value\": [\n    [\n      \"\\\\lente.cy.js\\\\Pedido de Lentes -- Realizar uma compra pontual (failed).png\"\n    ]\n  ]\n}",
              "code": "login('leonardo.miorim@kbase.com.br', '1bz592idyxHLw6');\nnavigateToPurchase();\ncreateNewOrderPontual();\ncompleteOrderPontual();",
              "err": {
                "message": "AssertionError: Timed out retrying after 4000ms: Expected to find element: `body > div > toolbar-menu > sub-toolbar-menu > div > div > div.client-container > client-drawer > main > section > div`, but never found it.",
                "estack": "AssertionError: Timed out retrying after 4000ms: Expected to find element: `body > div > toolbar-menu > sub-toolbar-menu > div > div > div.client-container > client-drawer > main > section > div`, but never found it.\n    at navigateToPurchase (webpack://mark---1/./cypress/e2e/lente.cy.js:118:11)\n    at Context.eval (webpack://mark---1/./cypress/e2e/lente.cy.js:27:8)",
                "diff": null
              },
              "uuid": "f05da000-a039-48ca-8be0-1fb39fcae909",
              "parentUUID": "4bef2efd-4966-4922-acd4-d7107f0c43c9",
              "isHook": false,
              "skipped": false
            },
            {
              "title": "Realizar um Pedido de amostra",
              "fullTitle": "Pedido de Lentes Realizar um Pedido de amostra",
              "timedOut": null,
              "duration": 11324,
              "state": "failed",
              "speed": null,
              "pass": false,
              "fail": true,
              "pending": false,
              "context": "{\n  \"title\": \"cypress-mochawesome-reporter-screenshots\",\n  \"value\": [\n    [\n      \"\\\\lente.cy.js\\\\Pedido de Lentes -- Realizar um Pedido de amostra (failed).png\"\n    ]\n  ]\n}",
              "code": "login('leonardo.miorim@kbase.com.br', '1bz592idyxHLw6');\nnavigateToPurchase();\ncreateNewOrderAmostra();\ncompleteOrderAmostra();",
              "err": {
                "message": "AssertionError: Timed out retrying after 4000ms: Expected to find element: `body > div > toolbar-menu > sub-toolbar-menu > div > div > div.client-container > client-drawer > main > section > div`, but never found it.",
                "estack": "AssertionError: Timed out retrying after 4000ms: Expected to find element: `body > div > toolbar-menu > sub-toolbar-menu > div > div > div.client-container > client-drawer > main > section > div`, but never found it.\n    at navigateToPurchase (webpack://mark---1/./cypress/e2e/lente.cy.js:118:11)\n    at Context.eval (webpack://mark---1/./cypress/e2e/lente.cy.js:35:8)",
                "diff": null
              },
              "uuid": "53b9204c-4539-423c-afe3-fdb3a1f99327",
              "parentUUID": "4bef2efd-4966-4922-acd4-d7107f0c43c9",
              "isHook": false,
              "skipped": false
            },
            {
              "title": "Realizar um Pedido de devolução",
              "fullTitle": "Pedido de Lentes Realizar um Pedido de devolução",
              "timedOut": null,
              "duration": 11892,
              "state": "failed",
              "speed": null,
              "pass": false,
              "fail": true,
              "pending": false,
              "context": "{\n  \"title\": \"cypress-mochawesome-reporter-screenshots\",\n  \"value\": [\n    [\n      \"\\\\lente.cy.js\\\\Pedido de Lentes -- Realizar um Pedido de devolução (failed).png\"\n    ]\n  ]\n}",
              "code": "login('leonardo.miorim@kbase.com.br', '1bz592idyxHLw6');\nnavigateToPurchase();\ncreateNewOrderDevolucao();\ncompleteOrderDevolucao();",
              "err": {
                "message": "AssertionError: Timed out retrying after 4000ms: Expected to find element: `body > div > toolbar-menu > sub-toolbar-menu > div > div > div.client-container > client-drawer > main > section > div`, but never found it.",
                "estack": "AssertionError: Timed out retrying after 4000ms: Expected to find element: `body > div > toolbar-menu > sub-toolbar-menu > div > div > div.client-container > client-drawer > main > section > div`, but never found it.\n    at navigateToPurchase (webpack://mark---1/./cypress/e2e/lente.cy.js:118:11)\n    at Context.eval (webpack://mark---1/./cypress/e2e/lente.cy.js:43:8)",
                "diff": null
              },
              "uuid": "68c36d4f-d69c-4a5f-a608-22d8683940db",
              "parentUUID": "4bef2efd-4966-4922-acd4-d7107f0c43c9",
              "isHook": false,
              "skipped": false
            },
            {
              "title": "Realizar um Pedido de Doação para Funcionário",
              "fullTitle": "Pedido de Lentes Realizar um Pedido de Doação para Funcionário",
              "timedOut": null,
              "duration": 11861,
              "state": "failed",
              "speed": null,
              "pass": false,
              "fail": true,
              "pending": false,
              "context": "{\n  \"title\": \"cypress-mochawesome-reporter-screenshots\",\n  \"value\": [\n    [\n      \"\\\\lente.cy.js\\\\Pedido de Lentes -- Realizar um Pedido de Doação para Funcionário (failed).png\"\n    ]\n  ]\n}",
              "code": "login('leonardo.miorim@kbase.com.br', '1bz592idyxHLw6');\nnavigateToPurchaseDoacaoParaFuncionario();\ncreateNewOrderDoacaoParaFuncionario();\ncompleteOrderDoacaoParaFuncionario();",
              "err": {
                "message": "AssertionError: Timed out retrying after 4000ms: Expected to find element: `body > div > toolbar-menu > sub-toolbar-menu > div > div > div.client-container > client-drawer > main > section > div`, but never found it.",
                "estack": "AssertionError: Timed out retrying after 4000ms: Expected to find element: `body > div > toolbar-menu > sub-toolbar-menu > div > div > div.client-container > client-drawer > main > section > div`, but never found it.\n    at navigateToPurchaseDoacaoParaFuncionario (webpack://mark---1/./cypress/e2e/lente.cy.js:107:11)\n    at Context.eval (webpack://mark---1/./cypress/e2e/lente.cy.js:51:8)",
                "diff": null
              },
              "uuid": "b6130370-dca2-47c4-91ae-9418be27fc16",
              "parentUUID": "4bef2efd-4966-4922-acd4-d7107f0c43c9",
              "isHook": false,
              "skipped": false
            },
            {
              "title": "Realizar um Pedido de Troca",
              "fullTitle": "Pedido de Lentes Realizar um Pedido de Troca",
              "timedOut": null,
              "duration": 12280,
              "state": "failed",
              "speed": null,
              "pass": false,
              "fail": true,
              "pending": false,
              "context": "{\n  \"title\": \"cypress-mochawesome-reporter-screenshots\",\n  \"value\": [\n    [\n      \"\\\\lente.cy.js\\\\Pedido de Lentes -- Realizar um Pedido de Troca (failed).png\"\n    ]\n  ]\n}",
              "code": "login('leonardo.miorim@kbase.com.br', '1bz592idyxHLw6');\nnavigateToPurchase();\ncreateNewOrderTroca();\ncompleteOrderTroca();",
              "err": {
                "message": "AssertionError: Timed out retrying after 4000ms: Expected to find element: `body > div > toolbar-menu > sub-toolbar-menu > div > div > div.client-container > client-drawer > main > section > div`, but never found it.",
                "estack": "AssertionError: Timed out retrying after 4000ms: Expected to find element: `body > div > toolbar-menu > sub-toolbar-menu > div > div > div.client-container > client-drawer > main > section > div`, but never found it.\n    at navigateToPurchase (webpack://mark---1/./cypress/e2e/lente.cy.js:118:11)\n    at Context.eval (webpack://mark---1/./cypress/e2e/lente.cy.js:59:8)",
                "diff": null
              },
              "uuid": "0be617d4-ec41-4bf8-8f8c-fbc3d8fd8bc7",
              "parentUUID": "4bef2efd-4966-4922-acd4-d7107f0c43c9",
              "isHook": false,
              "skipped": false
            },
            {
              "title": "Realizar um Pedido de Envio de remessa",
              "fullTitle": "Pedido de Lentes Realizar um Pedido de Envio de remessa",
              "timedOut": null,
              "duration": 11098,
              "state": "failed",
              "speed": null,
              "pass": false,
              "fail": true,
              "pending": false,
              "context": "{\n  \"title\": \"cypress-mochawesome-reporter-screenshots\",\n  \"value\": [\n    [\n      \"\\\\lente.cy.js\\\\Pedido de Lentes -- Realizar um Pedido de Envio de remessa (failed).png\"\n    ]\n  ]\n}",
              "code": "login('leonardo.miorim@kbase.com.br', '1bz592idyxHLw6');\nnavigateToPurchaseEnvioDeRemessa();\ncreateNewOrderEnvioDeRemessa();\ncompleteOrderEnvioDeRemessa();",
              "err": {
                "message": "AssertionError: Timed out retrying after 4000ms: Expected to find element: `body > div > toolbar-menu > sub-toolbar-menu > div > div > div.client-container > client-drawer > main > section > div`, but never found it.",
                "estack": "AssertionError: Timed out retrying after 4000ms: Expected to find element: `body > div > toolbar-menu > sub-toolbar-menu > div > div > div.client-container > client-drawer > main > section > div`, but never found it.\n    at navigateToPurchaseEnvioDeRemessa (webpack://mark---1/./cypress/e2e/lente.cy.js:129:11)\n    at Context.eval (webpack://mark---1/./cypress/e2e/lente.cy.js:67:8)",
                "diff": null
              },
              "uuid": "01c142c4-3ccc-4c42-bab9-355148b48fa1",
              "parentUUID": "4bef2efd-4966-4922-acd4-d7107f0c43c9",
              "isHook": false,
              "skipped": false
            },
            {
              "title": "Realizar um Pedido de Remessa da caixa de prova",
              "fullTitle": "Pedido de Lentes Realizar um Pedido de Remessa da caixa de prova",
              "timedOut": null,
              "duration": 11350,
              "state": "failed",
              "speed": null,
              "pass": false,
              "fail": true,
              "pending": false,
              "context": "{\n  \"title\": \"cypress-mochawesome-reporter-screenshots\",\n  \"value\": [\n    [\n      \"\\\\lente.cy.js\\\\Pedido de Lentes -- Realizar um Pedido de Remessa da caixa de prova (failed).png\"\n    ]\n  ]\n}",
              "code": "login('leonardo.miorim@kbase.com.br', '1bz592idyxHLw6');\nnavigateToPurchase();\ncreateNewOrderRemessaDaCaixaDeProva();\ncompleteOrderRemessaDaCaixaDeProva();",
              "err": {
                "message": "AssertionError: Timed out retrying after 4000ms: Expected to find element: `body > div > toolbar-menu > sub-toolbar-menu > div > div > div.client-container > client-drawer > main > section > div`, but never found it.",
                "estack": "AssertionError: Timed out retrying after 4000ms: Expected to find element: `body > div > toolbar-menu > sub-toolbar-menu > div > div > div.client-container > client-drawer > main > section > div`, but never found it.\n    at navigateToPurchase (webpack://mark---1/./cypress/e2e/lente.cy.js:118:11)\n    at Context.eval (webpack://mark---1/./cypress/e2e/lente.cy.js:75:8)",
                "diff": null
              },
              "uuid": "0b039c44-bbee-4f5e-a1c9-1a162cb90509",
              "parentUUID": "4bef2efd-4966-4922-acd4-d7107f0c43c9",
              "isHook": false,
              "skipped": false
            },
            {
              "title": "Realizar um Pedido de Reposição da caixa de prova",
              "fullTitle": "Pedido de Lentes Realizar um Pedido de Reposição da caixa de prova",
              "timedOut": null,
              "duration": 11846,
              "state": "failed",
              "speed": null,
              "pass": false,
              "fail": true,
              "pending": false,
              "context": "{\n  \"title\": \"cypress-mochawesome-reporter-screenshots\",\n  \"value\": [\n    [\n      \"\\\\lente.cy.js\\\\Pedido de Lentes -- Realizar um Pedido de Reposição da caixa de prova (failed).png\"\n    ]\n  ]\n}",
              "code": "login('leonardo.miorim@kbase.com.br', '1bz592idyxHLw6');\nnavigateToPurchaseReposiçãoDaCaixaDeProva();\ncreateNewOrderReposiçãoDaCaixaDeProva();\ncompleteOrderReposiçãoDaCaixaDeProva();",
              "err": {
                "message": "AssertionError: Timed out retrying after 4000ms: Expected to find element: `body > div > toolbar-menu > sub-toolbar-menu > div > div > div.client-container > client-drawer > main > section > div`, but never found it.",
                "estack": "AssertionError: Timed out retrying after 4000ms: Expected to find element: `body > div > toolbar-menu > sub-toolbar-menu > div > div > div.client-container > client-drawer > main > section > div`, but never found it.\n    at navigateToPurchaseReposiçãoDaCaixaDeProva (webpack://mark---1/./cypress/e2e/lente.cy.js:140:11)\n    at Context.eval (webpack://mark---1/./cypress/e2e/lente.cy.js:83:8)",
                "diff": null
              },
              "uuid": "adba733b-b4e4-4b9a-b55c-631d8bd5591d",
              "parentUUID": "4bef2efd-4966-4922-acd4-d7107f0c43c9",
              "isHook": false,
              "skipped": false
            },
            {
              "title": "Realizar um Pedido de garantia",
              "fullTitle": "Pedido de Lentes Realizar um Pedido de garantia",
              "timedOut": null,
              "duration": 12077,
              "state": "failed",
              "speed": null,
              "pass": false,
              "fail": true,
              "pending": false,
              "context": "{\n  \"title\": \"cypress-mochawesome-reporter-screenshots\",\n  \"value\": [\n    [\n      \"\\\\lente.cy.js\\\\Pedido de Lentes -- Realizar um Pedido de garantia (failed).png\"\n    ]\n  ]\n}",
              "code": "login('leonardo.miorim@kbase.com.br', '1bz592idyxHLw6');\nnavigateToPurchase();\ncreateNewOrderGarantia();\ncompleteOrderGarantia();",
              "err": {
                "message": "AssertionError: Timed out retrying after 4000ms: Expected to find element: `body > div > toolbar-menu > sub-toolbar-menu > div > div > div.client-container > client-drawer > main > section > div`, but never found it.",
                "estack": "AssertionError: Timed out retrying after 4000ms: Expected to find element: `body > div > toolbar-menu > sub-toolbar-menu > div > div > div.client-container > client-drawer > main > section > div`, but never found it.\n    at navigateToPurchase (webpack://mark---1/./cypress/e2e/lente.cy.js:118:11)\n    at Context.eval (webpack://mark---1/./cypress/e2e/lente.cy.js:91:8)",
                "diff": null
              },
              "uuid": "1e2254e4-9729-450a-9730-3bf8c755c74b",
              "parentUUID": "4bef2efd-4966-4922-acd4-d7107f0c43c9",
              "isHook": false,
              "skipped": false
            }
          ],
          "suites": [],
          "passes": [],
          "failures": [
            "be57081a-55fa-4e2c-8874-5e64b5877216",
            "3ff2170a-9d35-49f2-9d4b-d92dd706ebf6",
            "f05da000-a039-48ca-8be0-1fb39fcae909",
            "53b9204c-4539-423c-afe3-fdb3a1f99327",
            "68c36d4f-d69c-4a5f-a608-22d8683940db",
            "b6130370-dca2-47c4-91ae-9418be27fc16",
            "0be617d4-ec41-4bf8-8f8c-fbc3d8fd8bc7",
            "01c142c4-3ccc-4c42-bab9-355148b48fa1",
            "0b039c44-bbee-4f5e-a1c9-1a162cb90509",
            "adba733b-b4e4-4b9a-b55c-631d8bd5591d",
            "1e2254e4-9729-450a-9730-3bf8c755c74b"
          ],
          "pending": [],
          "skipped": [],
          "duration": 128479,
          "root": false,
          "rootEmpty": false,
          "_timeout": 2000
        }
      ],
      "passes": [],
      "failures": [],
      "pending": [],
      "skipped": [],
      "duration": 0,
      "root": true,
      "rootEmpty": true,
      "_timeout": 2000
    }
  ],
  "meta": {
    "mocha": {
      "version": "7.0.1"
    },
    "mochawesome": {
      "options": {
        "quiet": false,
        "reportFilename": "mochawesome",
        "saveHtml": false,
        "saveJson": true,
        "consoleReporter": "spec",
        "useInlineDiffs": false,
        "code": true
      },
      "version": "7.1.3"
    },
    "marge": {
      "options": {
        "reportDir": "cypress\\reports\\.jsons",
        "overwrite": false,
        "html": false,
        "json": true
      },
      "version": "6.2.0"
    }
  }
}