{
  "stats": {
    "suites": 1,
    "tests": 6,
    "passes": 6,
    "pending": 0,
    "failures": 0,
    "start": "2024-10-11T15:11:06.968Z",
    "end": "2024-10-11T15:16:27.345Z",
    "duration": 320377,
    "testsRegistered": 6,
    "passPercent": 100,
    "pendingPercent": 0,
    "other": 0,
    "hasOther": false,
    "skipped": 0,
    "hasSkipped": false
  },
  "results": [
    {
      "uuid": "b4f785f8-7f95-4921-a1b9-a7acced28544",
      "title": "",
      "fullFile": "cypress\\e2e\\solucoes.cy.js",
      "file": "cypress\\e2e\\solucoes.cy.js",
      "beforeHooks": [],
      "afterHooks": [],
      "tests": [],
      "suites": [
        {
          "uuid": "2aa31dd6-ada2-4814-a394-17da0ea7d3b2",
          "title": "Pedido de Soluções",
          "fullFile": "",
          "file": "",
          "beforeHooks": [],
          "afterHooks": [],
          "tests": [
            {
              "title": "Realizar um novo pedido de bonificação",
              "fullTitle": "Pedido de Soluções Realizar um novo pedido de bonificação",
              "timedOut": null,
              "duration": 52933,
              "state": "passed",
              "speed": "slow",
              "pass": true,
              "fail": false,
              "pending": false,
              "context": null,
              "code": "login('leonardo.miorim@kbase.com.br', '1bz592idyxHLw6');\nnavigateToPurchase();\ncreateNewOrderBonificacao();\ncompleteBonificacaoOrder();",
              "err": {},
              "uuid": "2aa2c862-bccd-48c0-aeca-19235581f610",
              "parentUUID": "2aa31dd6-ada2-4814-a394-17da0ea7d3b2",
              "isHook": false,
              "skipped": false
            },
            {
              "title": "Realizar uma compra futura",
              "fullTitle": "Pedido de Soluções Realizar uma compra futura",
              "timedOut": null,
              "duration": 50209,
              "state": "passed",
              "speed": "slow",
              "pass": true,
              "fail": false,
              "pending": false,
              "context": null,
              "code": "login('leonardo.miorim@kbase.com.br', '1bz592idyxHLw6');\nnavigateToPurchase();\ncreateNewOrderFutura();\ncompleteOrderFutura();",
              "err": {},
              "uuid": "3e93c118-794c-430c-9886-42fe8943d5d5",
              "parentUUID": "2aa31dd6-ada2-4814-a394-17da0ea7d3b2",
              "isHook": false,
              "skipped": false
            },
            {
              "title": "Realizar uma compra pontual",
              "fullTitle": "Pedido de Soluções Realizar uma compra pontual",
              "timedOut": null,
              "duration": 51327,
              "state": "passed",
              "speed": "slow",
              "pass": true,
              "fail": false,
              "pending": false,
              "context": null,
              "code": "login('leonardo.miorim@kbase.com.br', '1bz592idyxHLw6');\nnavigateToPurchase();\ncreateNewOrderPontual();\ncompleteOrderPontual();",
              "err": {},
              "uuid": "678abedd-6d8d-431e-97b7-1ed6ae1b56fb",
              "parentUUID": "2aa31dd6-ada2-4814-a394-17da0ea7d3b2",
              "isHook": false,
              "skipped": false
            },
            {
              "title": "Realizar um Pedido de amostra",
              "fullTitle": "Pedido de Soluções Realizar um Pedido de amostra",
              "timedOut": null,
              "duration": 45407,
              "state": "passed",
              "speed": "slow",
              "pass": true,
              "fail": false,
              "pending": false,
              "context": null,
              "code": "login('leonardo.miorim@kbase.com.br', '1bz592idyxHLw6');\nnavigateToPurchase();\ncreateNewOrderAmostra();\ncompleteOrderAmostra();",
              "err": {},
              "uuid": "00f34dcd-72db-451f-bb9a-4cd1e5da73db",
              "parentUUID": "2aa31dd6-ada2-4814-a394-17da0ea7d3b2",
              "isHook": false,
              "skipped": false
            },
            {
              "title": "Realizar um Pedido de Doação para Funcionário",
              "fullTitle": "Pedido de Soluções Realizar um Pedido de Doação para Funcionário",
              "timedOut": null,
              "duration": 51907,
              "state": "passed",
              "speed": "slow",
              "pass": true,
              "fail": false,
              "pending": false,
              "context": null,
              "code": "login('leonardo.miorim@kbase.com.br', '1bz592idyxHLw6');\nnavigateToPurchaseDoacaoParaFuncionario();\ncreateNewOrderDoacaoParaFuncionario();\ncompleteOrderDoacaoParaFuncionario();",
              "err": {},
              "uuid": "7909808b-a93e-4a0e-b040-70a4e8e0ddb2",
              "parentUUID": "2aa31dd6-ada2-4814-a394-17da0ea7d3b2",
              "isHook": false,
              "skipped": false
            },
            {
              "title": "Realizar um Pedido de Envio de Remessa",
              "fullTitle": "Pedido de Soluções Realizar um Pedido de Envio de Remessa",
              "timedOut": null,
              "duration": 64803,
              "state": "passed",
              "speed": "slow",
              "pass": true,
              "fail": false,
              "pending": false,
              "context": null,
              "code": "login('leonardo.miorim@kbase.com.br', '1bz592idyxHLw6');\nnavigateToPurchaseEnvioDeRemessa();\ncreateNewOrderEnvioDeRemessa();\ncompleteOrderEnvioDeRemessa();",
              "err": {},
              "uuid": "509afc7d-8fc0-4da2-9698-a51bde94289c",
              "parentUUID": "2aa31dd6-ada2-4814-a394-17da0ea7d3b2",
              "isHook": false,
              "skipped": false
            }
          ],
          "suites": [],
          "passes": [
            "2aa2c862-bccd-48c0-aeca-19235581f610",
            "3e93c118-794c-430c-9886-42fe8943d5d5",
            "678abedd-6d8d-431e-97b7-1ed6ae1b56fb",
            "00f34dcd-72db-451f-bb9a-4cd1e5da73db",
            "7909808b-a93e-4a0e-b040-70a4e8e0ddb2",
            "509afc7d-8fc0-4da2-9698-a51bde94289c"
          ],
          "failures": [],
          "pending": [],
          "skipped": [],
          "duration": 316586,
          "root": false,
          "rootEmpty": false,
          "_timeout": 2000
        }
      ],
      "passes": [],
      "failures": [],
      "pending": [],
      "skipped": [],
      "duration": 0,
      "root": true,
      "rootEmpty": true,
      "_timeout": 2000
    }
  ],
  "meta": {
    "mocha": {
      "version": "7.0.1"
    },
    "mochawesome": {
      "options": {
        "quiet": false,
        "reportFilename": "mochawesome",
        "saveHtml": false,
        "saveJson": true,
        "consoleReporter": "spec",
        "useInlineDiffs": false,
        "code": true
      },
      "version": "7.1.3"
    },
    "marge": {
      "options": {
        "reportDir": "cypress\\reports\\.jsons",
        "overwrite": false,
        "html": false,
        "json": true
      },
      "version": "6.2.0"
    }
  }
}