{
  "stats": {
    "suites": 1,
    "tests": 1,
    "passes": 0,
    "pending": 0,
    "failures": 1,
    "start": "2024-10-03T18:09:21.229Z",
    "end": "2024-10-03T18:10:01.775Z",
    "duration": 40546,
    "testsRegistered": 1,
    "passPercent": 0,
    "pendingPercent": 0,
    "other": 0,
    "hasOther": false,
    "skipped": 0,
    "hasSkipped": false
  },
  "results": [
    {
      "uuid": "5f3de387-3bd3-4212-8b86-dd6715ec9e99",
      "title": "",
      "fullFile": "cypress\\e2e\\lente.cy.js",
      "file": "cypress\\e2e\\lente.cy.js",
      "beforeHooks": [],
      "afterHooks": [],
      "tests": [],
      "suites": [
        {
          "uuid": "9d45b8d3-d8a2-4a11-b44e-c0947a3e6c81",
          "title": "Pedido de Lentes",
          "fullFile": "",
          "file": "",
          "beforeHooks": [],
          "afterHooks": [],
          "tests": [
            {
              "title": "Realizar um novo pedido de bonificação",
              "fullTitle": "Pedido de Lentes Realizar um novo pedido de bonificação",
              "timedOut": null,
              "duration": 38732,
              "state": "failed",
              "speed": null,
              "pass": false,
              "fail": true,
              "pending": false,
              "context": "{\n  \"title\": \"cypress-mochawesome-reporter-screenshots\",\n  \"value\": [\n    [\n      \"\\\\lente.cy.js\\\\Pedido de Lentes -- Realizar um novo pedido de bonificação (failed).png\"\n    ]\n  ]\n}",
              "code": "login('leonardo.miorim@kbase.com.br', '1bz592idyxHLw6');\nnavigateToPurchase();\ncreateNewOrderBonificacao();\ncompleteBonificacaoOrder();",
              "err": {
                "message": "AssertionError: Timed out retrying after 4000ms: Expected to find element: `body > div > md-content > ng-view > div > section.item-section > div.card-container.layout-align-end-center.layout-row > div > div.card-content > div.characteristics.ng-scope.layout-row.flex > div:nth-child(1) > div > select`, but never found it.",
                "estack": "AssertionError: Timed out retrying after 4000ms: Expected to find element: `body > div > md-content > ng-view > div > section.item-section > div.card-container.layout-align-end-center.layout-row > div > div.card-content > div.characteristics.ng-scope.layout-row.flex > div:nth-child(1) > div > select`, but never found it.\n    at createNewOrderBonificacao (webpack://mark---1/./cypress/e2e/lente.cy.js:173:11)\n    at Context.eval (webpack://mark---1/./cypress/e2e/lente.cy.js:12:8)",
                "diff": null
              },
              "uuid": "04df8e9b-c525-43fe-ba02-1111e7d3d3f8",
              "parentUUID": "9d45b8d3-d8a2-4a11-b44e-c0947a3e6c81",
              "isHook": false,
              "skipped": false
            }
          ],
          "suites": [],
          "passes": [],
          "failures": [
            "04df8e9b-c525-43fe-ba02-1111e7d3d3f8"
          ],
          "pending": [],
          "skipped": [],
          "duration": 38732,
          "root": false,
          "rootEmpty": false,
          "_timeout": 2000
        }
      ],
      "passes": [],
      "failures": [],
      "pending": [],
      "skipped": [],
      "duration": 0,
      "root": true,
      "rootEmpty": true,
      "_timeout": 2000
    }
  ],
  "meta": {
    "mocha": {
      "version": "7.0.1"
    },
    "mochawesome": {
      "options": {
        "quiet": false,
        "reportFilename": "mochawesome",
        "saveHtml": false,
        "saveJson": true,
        "consoleReporter": "spec",
        "useInlineDiffs": false,
        "code": true
      },
      "version": "7.1.3"
    },
    "marge": {
      "options": {
        "reportDir": "cypress\\reports\\.jsons",
        "overwrite": false,
        "html": false,
        "json": true
      },
      "version": "6.2.0"
    }
  }
}