{
  "stats": {
    "suites": 1,
    "tests": 3,
    "passes": 1,
    "pending": 0,
    "failures": 2,
    "start": "2024-10-10T14:43:36.502Z",
    "end": "2024-10-10T14:45:11.716Z",
    "duration": 95214,
    "testsRegistered": 3,
    "passPercent": 33.33333333333333,
    "pendingPercent": 0,
    "other": 0,
    "hasOther": false,
    "skipped": 0,
    "hasSkipped": false
  },
  "results": [
    {
      "uuid": "7441f7be-2ce0-40c2-a2cf-9f27b0944ae0",
      "title": "",
      "fullFile": "cypress\\e2e\\lentemx.cy.js",
      "file": "cypress\\e2e\\lentemx.cy.js",
      "beforeHooks": [],
      "afterHooks": [],
      "tests": [],
      "suites": [
        {
          "uuid": "aa8a95cd-367d-4e78-828f-2dbdc66f8b7b",
          "title": "Pedido de Lentes",
          "fullFile": "",
          "file": "",
          "beforeHooks": [],
          "afterHooks": [],
          "tests": [
            {
              "title": "Realizar uma nova compra marketplace",
              "fullTitle": "Pedido de Lentes Realizar uma nova compra marketplace",
              "timedOut": null,
              "duration": 55028,
              "state": "passed",
              "speed": "slow",
              "pass": true,
              "fail": false,
              "pending": false,
              "context": null,
              "code": "login('leonardo.miorim@kbase.com.br', '1bz592idyxHLw6');\nnavigateToPurchaseMarketplace();\ncreateNewOrderMarketplace();\ncompleteOrderMarketplace();",
              "err": {},
              "uuid": "f492a474-2b13-41a9-b6b7-98971f79e66f",
              "parentUUID": "aa8a95cd-367d-4e78-828f-2dbdc66f8b7b",
              "isHook": false,
              "skipped": false
            },
            {
              "title": "Realizar uma compra pontual",
              "fullTitle": "Pedido de Lentes Realizar uma compra pontual",
              "timedOut": null,
              "duration": 18937,
              "state": "failed",
              "speed": null,
              "pass": false,
              "fail": true,
              "pending": false,
              "context": "{\n  \"title\": \"cypress-mochawesome-reporter-screenshots\",\n  \"value\": [\n    [\n      \"\\\\lentemx.cy.js\\\\Pedido de Lentes -- Realizar uma compra pontual (failed).png\"\n    ]\n  ]\n}",
              "code": "login('leonardo.miorim@kbase.com.br', '1bz592idyxHLw6');\nnavigateToPurchase();\ncreateNewOrderPontual();\ncompleteOrderPontual();",
              "err": {
                "message": "AssertionError: Timed out retrying after 4000ms: Expected to find element: `#client-sidenav > md-content > paginated-list > md-list > md-list-item:nth-child(2) > div > button`, but never found it.",
                "estack": "AssertionError: Timed out retrying after 4000ms: Expected to find element: `#client-sidenav > md-content > paginated-list > md-list > md-list-item:nth-child(2) > div > button`, but never found it.\n    at navigateToPurchase (webpack://mark---1/./cypress/e2e/lentemx.cy.js:58:11)\n    at Context.eval (webpack://mark---1/./cypress/e2e/lentemx.cy.js:19:8)",
                "diff": null
              },
              "uuid": "58352314-671d-4a93-9f32-770bb9db68d2",
              "parentUUID": "aa8a95cd-367d-4e78-828f-2dbdc66f8b7b",
              "isHook": false,
              "skipped": false
            },
            {
              "title": "Realizar uma amostra",
              "fullTitle": "Pedido de Lentes Realizar uma amostra",
              "timedOut": null,
              "duration": 17832,
              "state": "failed",
              "speed": null,
              "pass": false,
              "fail": true,
              "pending": false,
              "context": "{\n  \"title\": \"cypress-mochawesome-reporter-screenshots\",\n  \"value\": [\n    [\n      \"\\\\lentemx.cy.js\\\\Pedido de Lentes -- Realizar uma amostra (failed).png\"\n    ]\n  ]\n}",
              "code": "login('leonardo.miorim@kbase.com.br', '1bz592idyxHLw6');\nnavigateToPurchaseAmostra();\ncreateNewOrderAmostra();\ncompleteOrderAmostra();",
              "err": {
                "message": "AssertionError: Timed out retrying after 4000ms: Expected to find element: `#client-sidenav > md-content > paginated-list > md-list > md-list-item:nth-child(2) > div > button`, but never found it.",
                "estack": "AssertionError: Timed out retrying after 4000ms: Expected to find element: `#client-sidenav > md-content > paginated-list > md-list > md-list-item:nth-child(2) > div > button`, but never found it.\n    at navigateToPurchaseAmostra (webpack://mark---1/./cypress/e2e/lentemx.cy.js:69:11)\n    at Context.eval (webpack://mark---1/./cypress/e2e/lentemx.cy.js:27:8)",
                "diff": null
              },
              "uuid": "00f3f026-e131-4791-b51e-71f6f25cb1e4",
              "parentUUID": "aa8a95cd-367d-4e78-828f-2dbdc66f8b7b",
              "isHook": false,
              "skipped": false
            }
          ],
          "suites": [],
          "passes": [
            "f492a474-2b13-41a9-b6b7-98971f79e66f"
          ],
          "failures": [
            "58352314-671d-4a93-9f32-770bb9db68d2",
            "00f3f026-e131-4791-b51e-71f6f25cb1e4"
          ],
          "pending": [],
          "skipped": [],
          "duration": 91797,
          "root": false,
          "rootEmpty": false,
          "_timeout": 2000
        }
      ],
      "passes": [],
      "failures": [],
      "pending": [],
      "skipped": [],
      "duration": 0,
      "root": true,
      "rootEmpty": true,
      "_timeout": 2000
    }
  ],
  "meta": {
    "mocha": {
      "version": "7.0.1"
    },
    "mochawesome": {
      "options": {
        "quiet": false,
        "reportFilename": "mochawesome",
        "saveHtml": false,
        "saveJson": true,
        "consoleReporter": "spec",
        "useInlineDiffs": false,
        "code": true
      },
      "version": "7.1.3"
    },
    "marge": {
      "options": {
        "reportDir": "cypress\\reports\\.jsons",
        "overwrite": false,
        "html": false,
        "json": true
      },
      "version": "6.2.0"
    }
  }
}