{
  "stats": {
    "suites": 1,
    "tests": 3,
    "passes": 1,
    "pending": 0,
    "failures": 2,
    "start": "2024-10-21T20:20:51.188Z",
    "end": "2024-10-21T20:22:40.940Z",
    "duration": 109752,
    "testsRegistered": 3,
    "passPercent": 33.33333333333333,
    "pendingPercent": 0,
    "other": 0,
    "hasOther": false,
    "skipped": 0,
    "hasSkipped": false
  },
  "results": [
    {
      "uuid": "b5146d55-6e7e-4de7-9194-cdddd47cca01",
      "title": "",
      "fullFile": "cypress\\e2e\\lentemx.cy.js",
      "file": "cypress\\e2e\\lentemx.cy.js",
      "beforeHooks": [],
      "afterHooks": [],
      "tests": [],
      "suites": [
        {
          "uuid": "71814a7f-1af9-40ae-ab31-42650f2508a4",
          "title": "Pedido de Lentes",
          "fullFile": "",
          "file": "",
          "beforeHooks": [],
          "afterHooks": [],
          "tests": [
            {
              "title": "Realizar uma nova compra marketplace",
              "fullTitle": "Pedido de Lentes Realizar uma nova compra marketplace",
              "timedOut": null,
              "duration": 71322,
              "state": "passed",
              "speed": "slow",
              "pass": true,
              "fail": false,
              "pending": false,
              "context": null,
              "code": "login('leonardo.miorim@kbase.com.br', '1bz592idyxHLw6');\nnavigateToPurchaseMarketplace();\ncreateNewOrderMarketplace();\ncompleteOrderMarketplace();",
              "err": {},
              "uuid": "c538da27-fad8-4cdd-bcd3-41d042ae8753",
              "parentUUID": "71814a7f-1af9-40ae-ab31-42650f2508a4",
              "isHook": false,
              "skipped": false
            },
            {
              "title": "Realizar uma compra pontual",
              "fullTitle": "Pedido de Lentes Realizar uma compra pontual",
              "timedOut": null,
              "duration": 24410,
              "state": "failed",
              "speed": null,
              "pass": false,
              "fail": true,
              "pending": false,
              "context": "{\n  \"title\": \"cypress-mochawesome-reporter-screenshots\",\n  \"value\": [\n    [\n      \"\\\\lentemx.cy.js\\\\Pedido de Lentes -- Realizar uma compra pontual (failed).png\"\n    ]\n  ]\n}",
              "code": "login('leonardo.miorim@kbase.com.br', '1bz592idyxHLw6');\nnavigateToPurchase();\ncreateNewOrderPontual();\ncompleteOrderPontual();",
              "err": {
                "message": "AssertionError: Timed out retrying after 4000ms: Expected to find element: `#client-sidenav > md-content > paginated-list > md-list > md-list-item:nth-child(2) > div > button`, but never found it.",
                "estack": "AssertionError: Timed out retrying after 4000ms: Expected to find element: `#client-sidenav > md-content > paginated-list > md-list > md-list-item:nth-child(2) > div > button`, but never found it.\n    at navigateToPurchase (webpack://mark---1/./cypress/e2e/lentemx.cy.js:58:11)\n    at Context.eval (webpack://mark---1/./cypress/e2e/lentemx.cy.js:19:8)",
                "diff": null
              },
              "uuid": "92be60db-6bea-4409-8211-4b2d440be445",
              "parentUUID": "71814a7f-1af9-40ae-ab31-42650f2508a4",
              "isHook": false,
              "skipped": false
            },
            {
              "title": "Realizar uma amostra",
              "fullTitle": "Pedido de Lentes Realizar uma amostra",
              "timedOut": null,
              "duration": 5928,
              "state": "failed",
              "speed": null,
              "pass": false,
              "fail": true,
              "pending": false,
              "context": "{\n  \"title\": \"cypress-mochawesome-reporter-screenshots\",\n  \"value\": [\n    [\n      \"\\\\lentemx.cy.js\\\\Pedido de Lentes -- Realizar uma amostra (failed).png\"\n    ]\n  ]\n}",
              "code": "login('leonardo.miorim@kbase.com.br', '1bz592idyxHLw6');\nnavigateToPurchaseAmostra();\ncreateNewOrderAmostra();\ncompleteOrderAmostra();",
              "err": {
                "message": "ReferenceError: createNewOrderAmostra is not defined",
                "estack": "ReferenceError: createNewOrderAmostra is not defined\n    at Context.eval (webpack://mark---1/./cypress/e2e/lentemx.cy.js:28:8)",
                "diff": null
              },
              "uuid": "8ac2f129-2be9-4171-a2fb-4f85a15d3634",
              "parentUUID": "71814a7f-1af9-40ae-ab31-42650f2508a4",
              "isHook": false,
              "skipped": false
            }
          ],
          "suites": [],
          "passes": [
            "c538da27-fad8-4cdd-bcd3-41d042ae8753"
          ],
          "failures": [
            "92be60db-6bea-4409-8211-4b2d440be445",
            "8ac2f129-2be9-4171-a2fb-4f85a15d3634"
          ],
          "pending": [],
          "skipped": [],
          "duration": 101660,
          "root": false,
          "rootEmpty": false,
          "_timeout": 2000
        }
      ],
      "passes": [],
      "failures": [],
      "pending": [],
      "skipped": [],
      "duration": 0,
      "root": true,
      "rootEmpty": true,
      "_timeout": 2000
    }
  ],
  "meta": {
    "mocha": {
      "version": "7.0.1"
    },
    "mochawesome": {
      "options": {
        "quiet": false,
        "reportFilename": "mochawesome",
        "saveHtml": false,
        "saveJson": true,
        "consoleReporter": "spec",
        "useInlineDiffs": false,
        "code": true
      },
      "version": "7.1.3"
    },
    "marge": {
      "options": {
        "reportDir": "cypress\\reports\\.jsons",
        "overwrite": false,
        "html": false,
        "json": true
      },
      "version": "6.2.0"
    }
  }
}