{
  "stats": {
    "suites": 1,
    "tests": 8,
    "passes": 5,
    "pending": 0,
    "failures": 3,
    "start": "2024-10-10T14:29:33.319Z",
    "end": "2024-10-10T14:35:51.787Z",
    "duration": 378468,
    "testsRegistered": 8,
    "passPercent": 62.5,
    "pendingPercent": 0,
    "other": 0,
    "hasOther": false,
    "skipped": 0,
    "hasSkipped": false
  },
  "results": [
    {
      "uuid": "a64d1d7c-425a-46cb-8f07-d6ab2e7f29cb",
      "title": "",
      "fullFile": "cypress\\e2e\\cirurgico.cy.js",
      "file": "cypress\\e2e\\cirurgico.cy.js",
      "beforeHooks": [],
      "afterHooks": [],
      "tests": [],
      "suites": [
        {
          "uuid": "8e8e8fac-f9f7-41a5-8e1d-8c837f7b94bf",
          "title": "Pedido de Lentes",
          "fullFile": "",
          "file": "",
          "beforeHooks": [],
          "afterHooks": [],
          "tests": [
            {
              "title": "Realizar um novo pedido de bonificação",
              "fullTitle": "Pedido de Lentes Realizar um novo pedido de bonificação",
              "timedOut": null,
              "duration": 55628,
              "state": "passed",
              "speed": "slow",
              "pass": true,
              "fail": false,
              "pending": false,
              "context": null,
              "code": "login('leonardo.miorim@kbase.com.br', '1bz592idyxHLw6');\nnavigateToPurchase();\ncreateNewOrderBonificacao();\ncompleteBonificacaoOrder();",
              "err": {},
              "uuid": "46a46916-26cb-4bcf-ae5a-69e9636a4f32",
              "parentUUID": "8e8e8fac-f9f7-41a5-8e1d-8c837f7b94bf",
              "isHook": false,
              "skipped": false
            },
            {
              "title": "Realizar uma compra futura",
              "fullTitle": "Pedido de Lentes Realizar uma compra futura",
              "timedOut": null,
              "duration": 47852,
              "state": "passed",
              "speed": "slow",
              "pass": true,
              "fail": false,
              "pending": false,
              "context": null,
              "code": "login('leonardo.miorim@kbase.com.br', '1bz592idyxHLw6');\nnavigateToPurchase();\ncreateNewOrderFutura();\ncompleteOrderFutura();",
              "err": {},
              "uuid": "3864449a-96f5-436f-b023-cbb23c8eeea4",
              "parentUUID": "8e8e8fac-f9f7-41a5-8e1d-8c837f7b94bf",
              "isHook": false,
              "skipped": false
            },
            {
              "title": "Realizar uma compra pontual",
              "fullTitle": "Pedido de Lentes Realizar uma compra pontual",
              "timedOut": null,
              "duration": 51185,
              "state": "passed",
              "speed": "slow",
              "pass": true,
              "fail": false,
              "pending": false,
              "context": null,
              "code": "login('leonardo.miorim@kbase.com.br', '1bz592idyxHLw6');\nnavigateToPurchase();\ncreateNewOrderPontual();\ncompleteOrderPontual();",
              "err": {},
              "uuid": "f4adda67-6218-4af7-8132-5d85aa0d4b3b",
              "parentUUID": "8e8e8fac-f9f7-41a5-8e1d-8c837f7b94bf",
              "isHook": false,
              "skipped": false
            },
            {
              "title": "Realizar um Pedido de devolução",
              "fullTitle": "Pedido de Lentes Realizar um Pedido de devolução",
              "timedOut": null,
              "duration": 57618,
              "state": "passed",
              "speed": "slow",
              "pass": true,
              "fail": false,
              "pending": false,
              "context": null,
              "code": "login('leonardo.miorim@kbase.com.br', '1bz592idyxHLw6');\nnavigateToPurchaseDevolucao();\ncreateNewOrderDevolucao();\ncompleteOrderDevolucao();",
              "err": {},
              "uuid": "f54140fe-2e9e-4149-9fac-7b37ec2c8b37",
              "parentUUID": "8e8e8fac-f9f7-41a5-8e1d-8c837f7b94bf",
              "isHook": false,
              "skipped": false
            },
            {
              "title": "Realizar um Pedido de Troca",
              "fullTitle": "Pedido de Lentes Realizar um Pedido de Troca",
              "timedOut": null,
              "duration": 21564,
              "state": "failed",
              "speed": null,
              "pass": false,
              "fail": true,
              "pending": false,
              "context": "{\n  \"title\": \"cypress-mochawesome-reporter-screenshots\",\n  \"value\": [\n    [\n      \"\\\\cirurgico.cy.js\\\\Pedido de Lentes -- Realizar um Pedido de Troca (failed).png\"\n    ]\n  ]\n}",
              "code": "login('leonardo.miorim@kbase.com.br', '1bz592idyxHLw6');\nnavigateToPurchaseTroca();\ncreateNewOrderTroca();\ncompleteOrderTroca();",
              "err": {
                "message": "AssertionError: Timed out retrying after 4000ms: Expected to find element: `body > div > toolbar-menu > sub-toolbar-menu > div > div > div.client-container > client-drawer > main > section > div`, but never found it.",
                "estack": "AssertionError: Timed out retrying after 4000ms: Expected to find element: `body > div > toolbar-menu > sub-toolbar-menu > div > div > div.client-container > client-drawer > main > section > div`, but never found it.\n    at navigateToPurchaseTroca (webpack://mark---1/./cypress/e2e/cirurgico.cy.js:116:11)\n    at Context.eval (webpack://mark---1/./cypress/e2e/cirurgico.cy.js:43:8)",
                "diff": null
              },
              "uuid": "44bffd62-9381-4064-b151-14e4cb3f06ff",
              "parentUUID": "8e8e8fac-f9f7-41a5-8e1d-8c837f7b94bf",
              "isHook": false,
              "skipped": false
            },
            {
              "title": "Realizar um Pedido de Envio de remessa",
              "fullTitle": "Pedido de Lentes Realizar um Pedido de Envio de remessa",
              "timedOut": null,
              "duration": 33408,
              "state": "failed",
              "speed": null,
              "pass": false,
              "fail": true,
              "pending": false,
              "context": "{\n  \"title\": \"cypress-mochawesome-reporter-screenshots\",\n  \"value\": [\n    [\n      \"\\\\cirurgico.cy.js\\\\Pedido de Lentes -- Realizar um Pedido de Envio de remessa (failed).png\"\n    ]\n  ]\n}",
              "code": "login('leonardo.miorim@kbase.com.br', '1bz592idyxHLw6');\nnavigateToPurchaseEnvioDeRemessa();\ncreateNewOrderEnvioDeRemessa();\ncompleteOrderEnvioDeRemessa();",
              "err": {
                "message": "AssertionError: Timed out retrying after 4000ms: Expected to find element: `body > div > toolbar-menu > sub-toolbar-menu > div > div > div.client-container > client-drawer > main > section > div`, but never found it.",
                "estack": "AssertionError: Timed out retrying after 4000ms: Expected to find element: `body > div > toolbar-menu > sub-toolbar-menu > div > div > div.client-container > client-drawer > main > section > div`, but never found it.\n    at navigateToPurchaseEnvioDeRemessa (webpack://mark---1/./cypress/e2e/cirurgico.cy.js:94:11)\n    at Context.eval (webpack://mark---1/./cypress/e2e/cirurgico.cy.js:51:8)",
                "diff": null
              },
              "uuid": "fd7dd032-b6e0-40bb-8c6c-d170a1339a91",
              "parentUUID": "8e8e8fac-f9f7-41a5-8e1d-8c837f7b94bf",
              "isHook": false,
              "skipped": false
            },
            {
              "title": "Realizar um Pedido de Remessa da Consignação",
              "fullTitle": "Pedido de Lentes Realizar um Pedido de Remessa da Consignação",
              "timedOut": null,
              "duration": 21591,
              "state": "failed",
              "speed": null,
              "pass": false,
              "fail": true,
              "pending": false,
              "context": "{\n  \"title\": \"cypress-mochawesome-reporter-screenshots\",\n  \"value\": [\n    [\n      \"\\\\cirurgico.cy.js\\\\Pedido de Lentes -- Realizar um Pedido de Remessa da Consignação (failed).png\"\n    ]\n  ]\n}",
              "code": "login('leonardo.miorim@kbase.com.br', '1bz592idyxHLw6');\nnavigateToPurchaseRemessaDaConsignacao();\ncreateNewOrderRemessaDaConsignacao();\ncompleteOrderRemessaDaConsignacao();",
              "err": {
                "message": "AssertionError: Timed out retrying after 4000ms: Expected to find element: `#client-sidenav > md-content > paginated-list > md-list > md-list-item > div > button`, but never found it.",
                "estack": "AssertionError: Timed out retrying after 4000ms: Expected to find element: `#client-sidenav > md-content > paginated-list > md-list > md-list-item > div > button`, but never found it.\n    at navigateToPurchaseRemessaDaConsignacao (webpack://mark---1/./cypress/e2e/cirurgico.cy.js:131:11)\n    at Context.eval (webpack://mark---1/./cypress/e2e/cirurgico.cy.js:59:8)",
                "diff": null
              },
              "uuid": "ce554b03-7d9a-445d-ad95-429d85a7e92a",
              "parentUUID": "8e8e8fac-f9f7-41a5-8e1d-8c837f7b94bf",
              "isHook": false,
              "skipped": false
            },
            {
              "title": "Realizar um Pedido de Retorno simbolico da consignação",
              "fullTitle": "Pedido de Lentes Realizar um Pedido de Retorno simbolico da consignação",
              "timedOut": null,
              "duration": 85344,
              "state": "passed",
              "speed": "slow",
              "pass": true,
              "fail": false,
              "pending": false,
              "context": null,
              "code": "login('leonardo.miorim@kbase.com.br', '1bz592idyxHLw6');\nnavigateToPurchaseRetornoSimbolicoDaConsignacao();\ncreateNewOrderRetornoSimbolicoDaConsignacao();\ncompleteOrderRetornoSimbolicoDaConsignacao();",
              "err": {},
              "uuid": "1a20e786-8003-43d8-9dae-78ef49169f71",
              "parentUUID": "8e8e8fac-f9f7-41a5-8e1d-8c837f7b94bf",
              "isHook": false,
              "skipped": false
            }
          ],
          "suites": [],
          "passes": [
            "46a46916-26cb-4bcf-ae5a-69e9636a4f32",
            "3864449a-96f5-436f-b023-cbb23c8eeea4",
            "f4adda67-6218-4af7-8132-5d85aa0d4b3b",
            "f54140fe-2e9e-4149-9fac-7b37ec2c8b37",
            "1a20e786-8003-43d8-9dae-78ef49169f71"
          ],
          "failures": [
            "44bffd62-9381-4064-b151-14e4cb3f06ff",
            "fd7dd032-b6e0-40bb-8c6c-d170a1339a91",
            "ce554b03-7d9a-445d-ad95-429d85a7e92a"
          ],
          "pending": [],
          "skipped": [],
          "duration": 374190,
          "root": false,
          "rootEmpty": false,
          "_timeout": 2000
        }
      ],
      "passes": [],
      "failures": [],
      "pending": [],
      "skipped": [],
      "duration": 0,
      "root": true,
      "rootEmpty": true,
      "_timeout": 2000
    }
  ],
  "meta": {
    "mocha": {
      "version": "7.0.1"
    },
    "mochawesome": {
      "options": {
        "quiet": false,
        "reportFilename": "mochawesome",
        "saveHtml": false,
        "saveJson": true,
        "consoleReporter": "spec",
        "useInlineDiffs": false,
        "code": true
      },
      "version": "7.1.3"
    },
    "marge": {
      "options": {
        "reportDir": "cypress\\reports\\.jsons",
        "overwrite": false,
        "html": false,
        "json": true
      },
      "version": "6.2.0"
    }
  }
}