{
  "stats": {
    "suites": 1,
    "tests": 3,
    "passes": 3,
    "pending": 0,
    "failures": 0,
    "start": "2024-10-04T19:29:31.487Z",
    "end": "2024-10-04T19:31:56.620Z",
    "duration": 145133,
    "testsRegistered": 3,
    "passPercent": 100,
    "pendingPercent": 0,
    "other": 0,
    "hasOther": false,
    "skipped": 0,
    "hasSkipped": false
  },
  "results": [
    {
      "uuid": "bc99a3c7-810b-4998-8133-b4a2ace885d2",
      "title": "",
      "fullFile": "cypress\\e2e\\lentemx.cy.js",
      "file": "cypress\\e2e\\lentemx.cy.js",
      "beforeHooks": [],
      "afterHooks": [],
      "tests": [],
      "suites": [
        {
          "uuid": "a598f05e-84b8-4b69-92c1-cc6ea7dadce8",
          "title": "Pedido de Lentes",
          "fullFile": "",
          "file": "",
          "beforeHooks": [],
          "afterHooks": [],
          "tests": [
            {
              "title": "Realizar uma nova compra marketplace",
              "fullTitle": "Pedido de Lentes Realizar uma nova compra marketplace",
              "timedOut": null,
              "duration": 49412,
              "state": "passed",
              "speed": "slow",
              "pass": true,
              "fail": false,
              "pending": false,
              "context": null,
              "code": "login('leonardo.miorim@kbase.com.br', '1bz592idyxHLw6');\nnavigateToPurchaseMarketplace();\ncreateNewOrderMarketplace();\ncompleteOrderMarketplace();",
              "err": {},
              "uuid": "ae95e393-625c-4a76-8a44-eaf6bea6157a",
              "parentUUID": "a598f05e-84b8-4b69-92c1-cc6ea7dadce8",
              "isHook": false,
              "skipped": false
            },
            {
              "title": "Realizar uma compra pontual",
              "fullTitle": "Pedido de Lentes Realizar uma compra pontual",
              "timedOut": null,
              "duration": 46726,
              "state": "passed",
              "speed": "slow",
              "pass": true,
              "fail": false,
              "pending": false,
              "context": null,
              "code": "login('leonardo.miorim@kbase.com.br', '1bz592idyxHLw6');\nnavigateToPurchase();\ncreateNewOrderPontual();\ncompleteOrderPontual();",
              "err": {},
              "uuid": "af749340-8e13-478c-9709-a77869079437",
              "parentUUID": "a598f05e-84b8-4b69-92c1-cc6ea7dadce8",
              "isHook": false,
              "skipped": false
            },
            {
              "title": "Realizar uma amostra",
              "fullTitle": "Pedido de Lentes Realizar uma amostra",
              "timedOut": null,
              "duration": 47039,
              "state": "passed",
              "speed": "slow",
              "pass": true,
              "fail": false,
              "pending": false,
              "context": null,
              "code": "login('leonardo.miorim@kbase.com.br', '1bz592idyxHLw6');\nnavigateToPurchaseAmostra();\ncreateNewOrderAmostra();\ncompleteOrderAmostra();",
              "err": {},
              "uuid": "0dd177a7-04b2-4c86-b11a-74b6a95d32f4",
              "parentUUID": "a598f05e-84b8-4b69-92c1-cc6ea7dadce8",
              "isHook": false,
              "skipped": false
            }
          ],
          "suites": [],
          "passes": [
            "ae95e393-625c-4a76-8a44-eaf6bea6157a",
            "af749340-8e13-478c-9709-a77869079437",
            "0dd177a7-04b2-4c86-b11a-74b6a95d32f4"
          ],
          "failures": [],
          "pending": [],
          "skipped": [],
          "duration": 143177,
          "root": false,
          "rootEmpty": false,
          "_timeout": 2000
        }
      ],
      "passes": [],
      "failures": [],
      "pending": [],
      "skipped": [],
      "duration": 0,
      "root": true,
      "rootEmpty": true,
      "_timeout": 2000
    }
  ],
  "meta": {
    "mocha": {
      "version": "7.0.1"
    },
    "mochawesome": {
      "options": {
        "quiet": false,
        "reportFilename": "mochawesome",
        "saveHtml": false,
        "saveJson": true,
        "consoleReporter": "spec",
        "useInlineDiffs": false,
        "code": true
      },
      "version": "7.1.3"
    },
    "marge": {
      "options": {
        "reportDir": "cypress\\reports\\.jsons",
        "overwrite": false,
        "html": false,
        "json": true
      },
      "version": "6.2.0"
    }
  }
}