{
  "stats": {
    "suites": 1,
    "tests": 2,
    "passes": 1,
    "pending": 0,
    "failures": 1,
    "start": "2024-10-11T18:42:08.776Z",
    "end": "2024-10-11T18:43:05.908Z",
    "duration": 57132,
    "testsRegistered": 2,
    "passPercent": 50,
    "pendingPercent": 0,
    "other": 0,
    "hasOther": false,
    "skipped": 0,
    "hasSkipped": false
  },
  "results": [
    {
      "uuid": "012c1126-778d-4e57-be31-e6645b391d22",
      "title": "",
      "fullFile": "cypress\\e2e\\lentemx.cy.js",
      "file": "cypress\\e2e\\lentemx.cy.js",
      "beforeHooks": [],
      "afterHooks": [],
      "tests": [],
      "suites": [
        {
          "uuid": "0fcebf13-e69f-420a-8df6-907950531e37",
          "title": "Pedido de Lentes",
          "fullFile": "",
          "file": "",
          "beforeHooks": [],
          "afterHooks": [],
          "tests": [
            {
              "title": "Realizar uma nova compra marketplace",
              "fullTitle": "Pedido de Lentes Realizar uma nova compra marketplace",
              "timedOut": null,
              "duration": 2001,
              "state": "failed",
              "speed": null,
              "pass": false,
              "fail": true,
              "pending": false,
              "context": "{\n  \"title\": \"cypress-mochawesome-reporter-screenshots\",\n  \"value\": [\n    [\n      \"\\\\lentemx.cy.js\\\\Pedido de Lentes -- Realizar uma nova compra marketplace (failed).png\"\n    ]\n  ]\n}",
              "code": "login('leonardo.miorim@kbase.com.br', '1bz592idyxHLw6');\nnavigateToPurchaseMarketplace();\ncreateNewOrderMarketplace();\ncompleteOrderMarketplace();",
              "err": {
                "message": "CypressError: `cy.type()` can only be called on a single element. Your subject contained 2 elements.\n\nhttps://on.cypress.io/type",
                "estack": "CypressError: `cy.type()` can only be called on a single element. Your subject contained 2 elements.\n\nhttps://on.cypress.io/type\n    at Context.type (https://b2bdev.bausch.com.mx/__cypress/runner/cypress_runner.js:114884:68)\n    at wrapped (https://b2bdev.bausch.com.mx/__cypress/runner/cypress_runner.js:138024:19)\nFrom Your Spec Code:\n    at login (webpack://mark---1/./cypress/e2e/lentemx.cy.js:26:49)\n    at Context.eval (webpack://mark---1/./cypress/e2e/lentemx.cy.js:10:8)",
                "diff": null
              },
              "uuid": "32717c2e-405d-4dd0-9fca-7d89096e4299",
              "parentUUID": "0fcebf13-e69f-420a-8df6-907950531e37",
              "isHook": false,
              "skipped": false
            },
            {
              "title": "Realizar uma compra pontual",
              "fullTitle": "Pedido de Lentes Realizar uma compra pontual",
              "timedOut": null,
              "duration": 51803,
              "state": "passed",
              "speed": "slow",
              "pass": true,
              "fail": false,
              "pending": false,
              "context": null,
              "code": "login('leonardo.miorim@kbase.com.br', '1bz592idyxHLw6');\nnavigateToPurchase();\ncreateNewOrderPontual();\ncompleteOrderPontual();",
              "err": {},
              "uuid": "c7acde2f-6885-45aa-80c3-313fc60cfb9f",
              "parentUUID": "0fcebf13-e69f-420a-8df6-907950531e37",
              "isHook": false,
              "skipped": false
            }
          ],
          "suites": [],
          "passes": [
            "c7acde2f-6885-45aa-80c3-313fc60cfb9f"
          ],
          "failures": [
            "32717c2e-405d-4dd0-9fca-7d89096e4299"
          ],
          "pending": [],
          "skipped": [],
          "duration": 53804,
          "root": false,
          "rootEmpty": false,
          "_timeout": 2000
        }
      ],
      "passes": [],
      "failures": [],
      "pending": [],
      "skipped": [],
      "duration": 0,
      "root": true,
      "rootEmpty": true,
      "_timeout": 2000
    }
  ],
  "meta": {
    "mocha": {
      "version": "7.0.1"
    },
    "mochawesome": {
      "options": {
        "quiet": false,
        "reportFilename": "mochawesome",
        "saveHtml": false,
        "saveJson": true,
        "consoleReporter": "spec",
        "useInlineDiffs": false,
        "code": true
      },
      "version": "7.1.3"
    },
    "marge": {
      "options": {
        "reportDir": "cypress\\reports\\.jsons",
        "overwrite": false,
        "html": false,
        "json": true
      },
      "version": "6.2.0"
    }
  }
}