{
  "stats": {
    "suites": 1,
    "tests": 11,
    "passes": 11,
    "pending": 0,
    "failures": 0,
    "start": "2024-10-11T14:58:39.822Z",
    "end": "2024-10-11T15:09:17.395Z",
    "duration": 637573,
    "testsRegistered": 11,
    "passPercent": 100,
    "pendingPercent": 0,
    "other": 0,
    "hasOther": false,
    "skipped": 0,
    "hasSkipped": false
  },
  "results": [
    {
      "uuid": "7a6aec24-09be-414c-b8cf-2f5c53208e05",
      "title": "",
      "fullFile": "cypress\\e2e\\lente.cy.js",
      "file": "cypress\\e2e\\lente.cy.js",
      "beforeHooks": [],
      "afterHooks": [],
      "tests": [],
      "suites": [
        {
          "uuid": "dc03a520-57e6-4817-8a42-872878354478",
          "title": "Pedido de Lentes",
          "fullFile": "",
          "file": "",
          "beforeHooks": [],
          "afterHooks": [],
          "tests": [
            {
              "title": "Realizar um novo pedido de bonificação",
              "fullTitle": "Pedido de Lentes Realizar um novo pedido de bonificação",
              "timedOut": null,
              "duration": 58340,
              "state": "passed",
              "speed": "slow",
              "pass": true,
              "fail": false,
              "pending": false,
              "context": null,
              "code": "login('leonardo.miorim@kbase.com.br', '1bz592idyxHLw6');\nnavigateToPurchase();\ncreateNewOrderBonificacao();\ncompleteBonificacaoOrder();",
              "err": {},
              "uuid": "3962ec37-5b1c-4de8-a049-a9274ea4baa0",
              "parentUUID": "dc03a520-57e6-4817-8a42-872878354478",
              "isHook": false,
              "skipped": false
            },
            {
              "title": "Realizar uma compra futura",
              "fullTitle": "Pedido de Lentes Realizar uma compra futura",
              "timedOut": null,
              "duration": 48679,
              "state": "passed",
              "speed": "slow",
              "pass": true,
              "fail": false,
              "pending": false,
              "context": null,
              "code": "login('leonardo.miorim@kbase.com.br', '1bz592idyxHLw6');\nnavigateToPurchase();\ncreateNewOrderFutura();\ncompleteOrderFutura();",
              "err": {},
              "uuid": "e0637308-084b-4539-95b1-94f29c2f7d7b",
              "parentUUID": "dc03a520-57e6-4817-8a42-872878354478",
              "isHook": false,
              "skipped": false
            },
            {
              "title": "Realizar uma compra pontual",
              "fullTitle": "Pedido de Lentes Realizar uma compra pontual",
              "timedOut": null,
              "duration": 49758,
              "state": "passed",
              "speed": "slow",
              "pass": true,
              "fail": false,
              "pending": false,
              "context": null,
              "code": "login('leonardo.miorim@kbase.com.br', '1bz592idyxHLw6');\nnavigateToPurchase();\ncreateNewOrderPontual();\ncompleteOrderPontual();",
              "err": {},
              "uuid": "3e9d65e0-71f5-4ece-afbd-36f8928a3090",
              "parentUUID": "dc03a520-57e6-4817-8a42-872878354478",
              "isHook": false,
              "skipped": false
            },
            {
              "title": "Realizar um Pedido de amostra",
              "fullTitle": "Pedido de Lentes Realizar um Pedido de amostra",
              "timedOut": null,
              "duration": 45724,
              "state": "passed",
              "speed": "slow",
              "pass": true,
              "fail": false,
              "pending": false,
              "context": null,
              "code": "login('leonardo.miorim@kbase.com.br', '1bz592idyxHLw6');\nnavigateToPurchase();\ncreateNewOrderAmostra();\ncompleteOrderAmostra();",
              "err": {},
              "uuid": "a57eb922-fa73-4c04-8e86-8bfa1ef8585e",
              "parentUUID": "dc03a520-57e6-4817-8a42-872878354478",
              "isHook": false,
              "skipped": false
            },
            {
              "title": "Realizar um Pedido de devolução",
              "fullTitle": "Pedido de Lentes Realizar um Pedido de devolução",
              "timedOut": null,
              "duration": 50046,
              "state": "passed",
              "speed": "slow",
              "pass": true,
              "fail": false,
              "pending": false,
              "context": null,
              "code": "login('leonardo.miorim@kbase.com.br', '1bz592idyxHLw6');\nnavigateToPurchase();\ncreateNewOrderDevolucao();\ncompleteOrderDevolucao();",
              "err": {},
              "uuid": "9782cba1-7b2e-4ef6-b685-f3981cbdd89b",
              "parentUUID": "dc03a520-57e6-4817-8a42-872878354478",
              "isHook": false,
              "skipped": false
            },
            {
              "title": "Realizar um Pedido de Doação para Funcionário",
              "fullTitle": "Pedido de Lentes Realizar um Pedido de Doação para Funcionário",
              "timedOut": null,
              "duration": 58703,
              "state": "passed",
              "speed": "slow",
              "pass": true,
              "fail": false,
              "pending": false,
              "context": null,
              "code": "login('leonardo.miorim@kbase.com.br', '1bz592idyxHLw6');\nnavigateToPurchaseDoacaoParaFuncionario();\ncreateNewOrderDoacaoParaFuncionario();\ncompleteOrderDoacaoParaFuncionario();",
              "err": {},
              "uuid": "27a805b8-a3d5-4504-8024-74e6ed322c25",
              "parentUUID": "dc03a520-57e6-4817-8a42-872878354478",
              "isHook": false,
              "skipped": false
            },
            {
              "title": "Realizar um Pedido de Troca",
              "fullTitle": "Pedido de Lentes Realizar um Pedido de Troca",
              "timedOut": null,
              "duration": 83969,
              "state": "passed",
              "speed": "slow",
              "pass": true,
              "fail": false,
              "pending": false,
              "context": null,
              "code": "login('leonardo.miorim@kbase.com.br', '1bz592idyxHLw6');\nnavigateToPurchase();\ncreateNewOrderTroca();\ncompleteOrderTroca();",
              "err": {},
              "uuid": "f2b36043-b703-4d33-8fae-31df099500e6",
              "parentUUID": "dc03a520-57e6-4817-8a42-872878354478",
              "isHook": false,
              "skipped": false
            },
            {
              "title": "Realizar um Pedido de Envio de remessa",
              "fullTitle": "Pedido de Lentes Realizar um Pedido de Envio de remessa",
              "timedOut": null,
              "duration": 73184,
              "state": "passed",
              "speed": "slow",
              "pass": true,
              "fail": false,
              "pending": false,
              "context": null,
              "code": "login('leonardo.miorim@kbase.com.br', '1bz592idyxHLw6');\nnavigateToPurchaseEnvioDeRemessa();\ncreateNewOrderEnvioDeRemessa();\ncompleteOrderEnvioDeRemessa();",
              "err": {},
              "uuid": "0a0f0395-e752-4006-a61d-616254086432",
              "parentUUID": "dc03a520-57e6-4817-8a42-872878354478",
              "isHook": false,
              "skipped": false
            },
            {
              "title": "Realizar um Pedido de Remessa da caixa de prova",
              "fullTitle": "Pedido de Lentes Realizar um Pedido de Remessa da caixa de prova",
              "timedOut": null,
              "duration": 54276,
              "state": "passed",
              "speed": "slow",
              "pass": true,
              "fail": false,
              "pending": false,
              "context": null,
              "code": "login('leonardo.miorim@kbase.com.br', '1bz592idyxHLw6');\nnavigateToPurchase();\ncreateNewOrderRemessaDaCaixaDeProva();\ncompleteOrderRemessaDaCaixaDeProva();",
              "err": {},
              "uuid": "917e19fa-7b71-4772-83b3-c7f9558ae9ed",
              "parentUUID": "dc03a520-57e6-4817-8a42-872878354478",
              "isHook": false,
              "skipped": false
            },
            {
              "title": "Realizar um Pedido de Reposição da caixa de prova",
              "fullTitle": "Pedido de Lentes Realizar um Pedido de Reposição da caixa de prova",
              "timedOut": null,
              "duration": 53145,
              "state": "passed",
              "speed": "slow",
              "pass": true,
              "fail": false,
              "pending": false,
              "context": null,
              "code": "login('leonardo.miorim@kbase.com.br', '1bz592idyxHLw6');\nnavigateToPurchaseReposiçãoDaCaixaDeProva();\ncreateNewOrderReposiçãoDaCaixaDeProva();\ncompleteOrderReposiçãoDaCaixaDeProva();",
              "err": {},
              "uuid": "70d73eb9-5a58-437c-8991-e8fb94a3a183",
              "parentUUID": "dc03a520-57e6-4817-8a42-872878354478",
              "isHook": false,
              "skipped": false
            },
            {
              "title": "Realizar um Pedido de garantia",
              "fullTitle": "Pedido de Lentes Realizar um Pedido de garantia",
              "timedOut": null,
              "duration": 56469,
              "state": "passed",
              "speed": "slow",
              "pass": true,
              "fail": false,
              "pending": false,
              "context": null,
              "code": "login('leonardo.miorim@kbase.com.br', '1bz592idyxHLw6');\nnavigateToPurchase();\ncreateNewOrderGarantia();\ncompleteOrderGarantia();",
              "err": {},
              "uuid": "3984a56b-2be8-4986-9317-9e2badbfbea1",
              "parentUUID": "dc03a520-57e6-4817-8a42-872878354478",
              "isHook": false,
              "skipped": false
            }
          ],
          "suites": [],
          "passes": [
            "3962ec37-5b1c-4de8-a049-a9274ea4baa0",
            "e0637308-084b-4539-95b1-94f29c2f7d7b",
            "3e9d65e0-71f5-4ece-afbd-36f8928a3090",
            "a57eb922-fa73-4c04-8e86-8bfa1ef8585e",
            "9782cba1-7b2e-4ef6-b685-f3981cbdd89b",
            "27a805b8-a3d5-4504-8024-74e6ed322c25",
            "f2b36043-b703-4d33-8fae-31df099500e6",
            "0a0f0395-e752-4006-a61d-616254086432",
            "917e19fa-7b71-4772-83b3-c7f9558ae9ed",
            "70d73eb9-5a58-437c-8991-e8fb94a3a183",
            "3984a56b-2be8-4986-9317-9e2badbfbea1"
          ],
          "failures": [],
          "pending": [],
          "skipped": [],
          "duration": 632293,
          "root": false,
          "rootEmpty": false,
          "_timeout": 2000
        }
      ],
      "passes": [],
      "failures": [],
      "pending": [],
      "skipped": [],
      "duration": 0,
      "root": true,
      "rootEmpty": true,
      "_timeout": 2000
    }
  ],
  "meta": {
    "mocha": {
      "version": "7.0.1"
    },
    "mochawesome": {
      "options": {
        "quiet": false,
        "reportFilename": "mochawesome",
        "saveHtml": false,
        "saveJson": true,
        "consoleReporter": "spec",
        "useInlineDiffs": false,
        "code": true
      },
      "version": "7.1.3"
    },
    "marge": {
      "options": {
        "reportDir": "cypress\\reports\\.jsons",
        "overwrite": false,
        "html": false,
        "json": true
      },
      "version": "6.2.0"
    }
  }
}