{
  "stats": {
    "suites": 1,
    "tests": 2,
    "passes": 0,
    "pending": 0,
    "failures": 2,
    "start": "2024-10-11T13:40:41.938Z",
    "end": "2024-10-11T13:41:57.837Z",
    "duration": 75899,
    "testsRegistered": 2,
    "passPercent": 0,
    "pendingPercent": 0,
    "other": 0,
    "hasOther": false,
    "skipped": 0,
    "hasSkipped": false
  },
  "results": [
    {
      "uuid": "48babd63-d500-4377-b652-fe54f76fa5c1",
      "title": "",
      "fullFile": "cypress\\e2e\\solucoesmx.cy.js",
      "file": "cypress\\e2e\\solucoesmx.cy.js",
      "beforeHooks": [],
      "afterHooks": [],
      "tests": [],
      "suites": [
        {
          "uuid": "f0612df8-8886-4bbe-b50a-0afc46fbe15d",
          "title": "Pedido de Lentes",
          "fullFile": "",
          "file": "",
          "beforeHooks": [],
          "afterHooks": [],
          "tests": [
            {
              "title": "Realizar uma nova compra marketplace",
              "fullTitle": "Pedido de Lentes Realizar uma nova compra marketplace",
              "timedOut": null,
              "duration": 36447,
              "state": "failed",
              "speed": null,
              "pass": false,
              "fail": true,
              "pending": false,
              "context": "{\n  \"title\": \"cypress-mochawesome-reporter-screenshots\",\n  \"value\": [\n    [\n      \"\\\\solucoesmx.cy.js\\\\Pedido de Lentes -- Realizar uma nova compra marketplace (failed).png\"\n    ]\n  ]\n}",
              "code": "login('leonardo.miorim@kbase.com.br', '1bz592idyxHLw6');\nnavigateToPurchaseMarketplace();\ncreateNewOrderMarketplace();\ncompleteOrderMarketplace();",
              "err": {
                "message": "AssertionError: Timed out retrying after 4000ms: Expected to find element: `#item-Kit\\ Renu\\ Case`, but never found it.",
                "estack": "AssertionError: Timed out retrying after 4000ms: Expected to find element: `#item-Kit\\ Renu\\ Case`, but never found it.\n    at createNewOrderMarketplace (webpack://mark---1/./cypress/e2e/solucoesmx.cy.js:68:11)\n    at Context.eval (webpack://mark---1/./cypress/e2e/solucoesmx.cy.js:13:8)",
                "diff": null
              },
              "uuid": "1dfff9a4-d5dc-44bf-b72d-f45b58a0bba6",
              "parentUUID": "f0612df8-8886-4bbe-b50a-0afc46fbe15d",
              "isHook": false,
              "skipped": false
            },
            {
              "title": "Realizar uma compra pontual",
              "fullTitle": "Pedido de Lentes Realizar uma compra pontual",
              "timedOut": null,
              "duration": 36945,
              "state": "failed",
              "speed": null,
              "pass": false,
              "fail": true,
              "pending": false,
              "context": "{\n  \"title\": \"cypress-mochawesome-reporter-screenshots\",\n  \"value\": [\n    [\n      \"\\\\solucoesmx.cy.js\\\\Pedido de Lentes -- Realizar uma compra pontual (failed).png\"\n    ]\n  ]\n}",
              "code": "login('leonardo.miorim@kbase.com.br', '1bz592idyxHLw6');\nnavigateToPurchase();\ncreateNewOrderPontual();\ncompleteOrderPontual();",
              "err": {
                "message": "AssertionError: Timed out retrying after 4000ms: Expected to find element: `#item-KIT\\ INICIO\\ ADV\\ MPS\\ SPANISH\\ VTA`, but never found it.",
                "estack": "AssertionError: Timed out retrying after 4000ms: Expected to find element: `#item-KIT\\ INICIO\\ ADV\\ MPS\\ SPANISH\\ VTA`, but never found it.\n    at createNewOrderPontual (webpack://mark---1/./cypress/e2e/solucoesmx.cy.js:111:11)\n    at Context.eval (webpack://mark---1/./cypress/e2e/solucoesmx.cy.js:21:8)",
                "diff": null
              },
              "uuid": "283cb876-1e10-4e60-92df-d778420e084f",
              "parentUUID": "f0612df8-8886-4bbe-b50a-0afc46fbe15d",
              "isHook": false,
              "skipped": false
            }
          ],
          "suites": [],
          "passes": [],
          "failures": [
            "1dfff9a4-d5dc-44bf-b72d-f45b58a0bba6",
            "283cb876-1e10-4e60-92df-d778420e084f"
          ],
          "pending": [],
          "skipped": [],
          "duration": 73392,
          "root": false,
          "rootEmpty": false,
          "_timeout": 2000
        }
      ],
      "passes": [],
      "failures": [],
      "pending": [],
      "skipped": [],
      "duration": 0,
      "root": true,
      "rootEmpty": true,
      "_timeout": 2000
    }
  ],
  "meta": {
    "mocha": {
      "version": "7.0.1"
    },
    "mochawesome": {
      "options": {
        "quiet": false,
        "reportFilename": "mochawesome",
        "saveHtml": false,
        "saveJson": true,
        "consoleReporter": "spec",
        "useInlineDiffs": false,
        "code": true
      },
      "version": "7.1.3"
    },
    "marge": {
      "options": {
        "reportDir": "cypress\\reports\\.jsons",
        "overwrite": false,
        "html": false,
        "json": true
      },
      "version": "6.2.0"
    }
  }
}