{
  "stats": {
    "suites": 1,
    "tests": 8,
    "passes": 8,
    "pending": 0,
    "failures": 0,
    "start": "2024-10-21T17:09:24.503Z",
    "end": "2024-10-21T17:18:24.909Z",
    "duration": 540406,
    "testsRegistered": 8,
    "passPercent": 100,
    "pendingPercent": 0,
    "other": 0,
    "hasOther": false,
    "skipped": 0,
    "hasSkipped": false
  },
  "results": [
    {
      "uuid": "cd2e07d5-2715-46cd-b718-2bad33126d64",
      "title": "",
      "fullFile": "cypress\\e2e\\cirurgico.cy.js",
      "file": "cypress\\e2e\\cirurgico.cy.js",
      "beforeHooks": [],
      "afterHooks": [],
      "tests": [],
      "suites": [
        {
          "uuid": "c823d18d-0b1e-4a84-938d-d7df41154052",
          "title": "Pedido de Lentes",
          "fullFile": "",
          "file": "",
          "beforeHooks": [],
          "afterHooks": [],
          "tests": [
            {
              "title": "Realizar um novo pedido de bonificação",
              "fullTitle": "Pedido de Lentes Realizar um novo pedido de bonificação",
              "timedOut": null,
              "duration": 64917,
              "state": "passed",
              "speed": "slow",
              "pass": true,
              "fail": false,
              "pending": false,
              "context": null,
              "code": "login('leonardo.miorim@kbase.com.br', '1bz592idyxHLw6');\nnavigateToPurchase();\ncreateNewOrderBonificacao();\ncompleteBonificacaoOrder();",
              "err": {},
              "uuid": "50399436-a6fc-4634-a830-2c973df95c5e",
              "parentUUID": "c823d18d-0b1e-4a84-938d-d7df41154052",
              "isHook": false,
              "skipped": false
            },
            {
              "title": "Realizar uma compra futura",
              "fullTitle": "Pedido de Lentes Realizar uma compra futura",
              "timedOut": null,
              "duration": 58007,
              "state": "passed",
              "speed": "slow",
              "pass": true,
              "fail": false,
              "pending": false,
              "context": null,
              "code": "login('leonardo.miorim@kbase.com.br', '1bz592idyxHLw6');\nnavigateToPurchase();\ncreateNewOrderFutura();\ncompleteOrderFutura();",
              "err": {},
              "uuid": "6a1a509b-0b66-4764-85b5-1bc94254a372",
              "parentUUID": "c823d18d-0b1e-4a84-938d-d7df41154052",
              "isHook": false,
              "skipped": false
            },
            {
              "title": "Realizar uma compra pontual",
              "fullTitle": "Pedido de Lentes Realizar uma compra pontual",
              "timedOut": null,
              "duration": 56858,
              "state": "passed",
              "speed": "slow",
              "pass": true,
              "fail": false,
              "pending": false,
              "context": null,
              "code": "login('leonardo.miorim@kbase.com.br', '1bz592idyxHLw6');\nnavigateToPurchase();\ncreateNewOrderPontual();\ncompleteOrderPontual();",
              "err": {},
              "uuid": "0fae5991-d19a-4fe3-9273-154aa9edd719",
              "parentUUID": "c823d18d-0b1e-4a84-938d-d7df41154052",
              "isHook": false,
              "skipped": false
            },
            {
              "title": "Realizar um Pedido de devolução",
              "fullTitle": "Pedido de Lentes Realizar um Pedido de devolução",
              "timedOut": null,
              "duration": 59876,
              "state": "passed",
              "speed": "slow",
              "pass": true,
              "fail": false,
              "pending": false,
              "context": null,
              "code": "login('leonardo.miorim@kbase.com.br', '1bz592idyxHLw6');\nnavigateToPurchaseDevolucao();\ncreateNewOrderDevolucao();\ncompleteOrderDevolucao();",
              "err": {},
              "uuid": "7ef1b67a-408d-49be-83fc-48be2587413f",
              "parentUUID": "c823d18d-0b1e-4a84-938d-d7df41154052",
              "isHook": false,
              "skipped": false
            },
            {
              "title": "Realizar um Pedido de Troca",
              "fullTitle": "Pedido de Lentes Realizar um Pedido de Troca",
              "timedOut": null,
              "duration": 79368,
              "state": "passed",
              "speed": "slow",
              "pass": true,
              "fail": false,
              "pending": false,
              "context": null,
              "code": "login('leonardo.miorim@kbase.com.br', '1bz592idyxHLw6');\nnavigateToPurchaseTroca();\ncreateNewOrderTroca();\ncompleteOrderTroca();",
              "err": {},
              "uuid": "e8434296-2e98-4ab4-bb79-5658ccb82667",
              "parentUUID": "c823d18d-0b1e-4a84-938d-d7df41154052",
              "isHook": false,
              "skipped": false
            },
            {
              "title": "Realizar um Pedido de Envio de remessa",
              "fullTitle": "Pedido de Lentes Realizar um Pedido de Envio de remessa",
              "timedOut": null,
              "duration": 75833,
              "state": "passed",
              "speed": "slow",
              "pass": true,
              "fail": false,
              "pending": false,
              "context": null,
              "code": "login('leonardo.miorim@kbase.com.br', '1bz592idyxHLw6');\nnavigateToPurchaseEnvioDeRemessa();\ncreateNewOrderEnvioDeRemessa();\ncompleteOrderEnvioDeRemessa();",
              "err": {},
              "uuid": "6f40177f-07ef-47ec-8281-3aeffde6db4d",
              "parentUUID": "c823d18d-0b1e-4a84-938d-d7df41154052",
              "isHook": false,
              "skipped": false
            },
            {
              "title": "Realizar um Pedido de Remessa da Consignação",
              "fullTitle": "Pedido de Lentes Realizar um Pedido de Remessa da Consignação",
              "timedOut": null,
              "duration": 65245,
              "state": "passed",
              "speed": "slow",
              "pass": true,
              "fail": false,
              "pending": false,
              "context": null,
              "code": "login('leonardo.miorim@kbase.com.br', '1bz592idyxHLw6');\nnavigateToPurchaseRemessaDaConsignacao();\ncreateNewOrderRemessaDaConsignacao();\ncompleteOrderRemessaDaConsignacao();",
              "err": {},
              "uuid": "d79743bb-427f-4b4b-b07f-d80ba2a4dab2",
              "parentUUID": "c823d18d-0b1e-4a84-938d-d7df41154052",
              "isHook": false,
              "skipped": false
            },
            {
              "title": "Realizar um Pedido de Retorno simbolico da consignação",
              "fullTitle": "Pedido de Lentes Realizar um Pedido de Retorno simbolico da consignação",
              "timedOut": null,
              "duration": 75634,
              "state": "passed",
              "speed": "slow",
              "pass": true,
              "fail": false,
              "pending": false,
              "context": null,
              "code": "login('leonardo.miorim@kbase.com.br', '1bz592idyxHLw6');\nnavigateToPurchaseRetornoSimbolicoDaConsignacao();\ncreateNewOrderRetornoSimbolicoDaConsignacao();\ncompleteOrderRetornoSimbolicoDaConsignacao();",
              "err": {},
              "uuid": "9f3c2ab7-5d2e-4591-b2a7-eb42a1cee5cb",
              "parentUUID": "c823d18d-0b1e-4a84-938d-d7df41154052",
              "isHook": false,
              "skipped": false
            }
          ],
          "suites": [],
          "passes": [
            "50399436-a6fc-4634-a830-2c973df95c5e",
            "6a1a509b-0b66-4764-85b5-1bc94254a372",
            "0fae5991-d19a-4fe3-9273-154aa9edd719",
            "7ef1b67a-408d-49be-83fc-48be2587413f",
            "e8434296-2e98-4ab4-bb79-5658ccb82667",
            "6f40177f-07ef-47ec-8281-3aeffde6db4d",
            "d79743bb-427f-4b4b-b07f-d80ba2a4dab2",
            "9f3c2ab7-5d2e-4591-b2a7-eb42a1cee5cb"
          ],
          "failures": [],
          "pending": [],
          "skipped": [],
          "duration": 535738,
          "root": false,
          "rootEmpty": false,
          "_timeout": 2000
        }
      ],
      "passes": [],
      "failures": [],
      "pending": [],
      "skipped": [],
      "duration": 0,
      "root": true,
      "rootEmpty": true,
      "_timeout": 2000
    }
  ],
  "meta": {
    "mocha": {
      "version": "7.0.1"
    },
    "mochawesome": {
      "options": {
        "quiet": false,
        "reportFilename": "mochawesome",
        "saveHtml": false,
        "saveJson": true,
        "consoleReporter": "spec",
        "useInlineDiffs": false,
        "code": true
      },
      "version": "7.1.3"
    },
    "marge": {
      "options": {
        "reportDir": "cypress\\reports\\.jsons",
        "overwrite": false,
        "html": false,
        "json": true
      },
      "version": "6.2.0"
    }
  }
}