{
  "stats": {
    "suites": 1,
    "tests": 8,
    "passes": 8,
    "pending": 0,
    "failures": 0,
    "start": "2024-10-11T13:25:59.950Z",
    "end": "2024-10-11T13:34:16.406Z",
    "duration": 496456,
    "testsRegistered": 8,
    "passPercent": 100,
    "pendingPercent": 0,
    "other": 0,
    "hasOther": false,
    "skipped": 0,
    "hasSkipped": false
  },
  "results": [
    {
      "uuid": "e18e8d4b-98df-44d6-b2b5-d2e5fdc412ac",
      "title": "",
      "fullFile": "cypress\\e2e\\cirurgico.cy.js",
      "file": "cypress\\e2e\\cirurgico.cy.js",
      "beforeHooks": [],
      "afterHooks": [],
      "tests": [],
      "suites": [
        {
          "uuid": "8bb4c74e-42cd-46e5-951d-807afc5d4fa3",
          "title": "Pedido de Lentes",
          "fullFile": "",
          "file": "",
          "beforeHooks": [],
          "afterHooks": [],
          "tests": [
            {
              "title": "Realizar um novo pedido de bonificação",
              "fullTitle": "Pedido de Lentes Realizar um novo pedido de bonificação",
              "timedOut": null,
              "duration": 57494,
              "state": "passed",
              "speed": "slow",
              "pass": true,
              "fail": false,
              "pending": false,
              "context": null,
              "code": "login('leonardo.miorim@kbase.com.br', '1bz592idyxHLw6');\nnavigateToPurchase();\ncreateNewOrderBonificacao();\ncompleteBonificacaoOrder();",
              "err": {},
              "uuid": "e4bdabf5-67a6-4ca7-a14d-da5a17a2df6e",
              "parentUUID": "8bb4c74e-42cd-46e5-951d-807afc5d4fa3",
              "isHook": false,
              "skipped": false
            },
            {
              "title": "Realizar uma compra futura",
              "fullTitle": "Pedido de Lentes Realizar uma compra futura",
              "timedOut": null,
              "duration": 48894,
              "state": "passed",
              "speed": "slow",
              "pass": true,
              "fail": false,
              "pending": false,
              "context": null,
              "code": "login('leonardo.miorim@kbase.com.br', '1bz592idyxHLw6');\nnavigateToPurchase();\ncreateNewOrderFutura();\ncompleteOrderFutura();",
              "err": {},
              "uuid": "35d99cfb-31fa-4038-bcac-55a475d76166",
              "parentUUID": "8bb4c74e-42cd-46e5-951d-807afc5d4fa3",
              "isHook": false,
              "skipped": false
            },
            {
              "title": "Realizar uma compra pontual",
              "fullTitle": "Pedido de Lentes Realizar uma compra pontual",
              "timedOut": null,
              "duration": 52144,
              "state": "passed",
              "speed": "slow",
              "pass": true,
              "fail": false,
              "pending": false,
              "context": null,
              "code": "login('leonardo.miorim@kbase.com.br', '1bz592idyxHLw6');\nnavigateToPurchase();\ncreateNewOrderPontual();\ncompleteOrderPontual();",
              "err": {},
              "uuid": "4fc79eb0-9021-4cd3-9bb7-8ab4eef18cd9",
              "parentUUID": "8bb4c74e-42cd-46e5-951d-807afc5d4fa3",
              "isHook": false,
              "skipped": false
            },
            {
              "title": "Realizar um Pedido de devolução",
              "fullTitle": "Pedido de Lentes Realizar um Pedido de devolução",
              "timedOut": null,
              "duration": 53151,
              "state": "passed",
              "speed": "slow",
              "pass": true,
              "fail": false,
              "pending": false,
              "context": null,
              "code": "login('leonardo.miorim@kbase.com.br', '1bz592idyxHLw6');\nnavigateToPurchaseDevolucao();\ncreateNewOrderDevolucao();\ncompleteOrderDevolucao();",
              "err": {},
              "uuid": "9ed2f08a-c242-4e29-958e-9fe3a5e27f32",
              "parentUUID": "8bb4c74e-42cd-46e5-951d-807afc5d4fa3",
              "isHook": false,
              "skipped": false
            },
            {
              "title": "Realizar um Pedido de Troca",
              "fullTitle": "Pedido de Lentes Realizar um Pedido de Troca",
              "timedOut": null,
              "duration": 74500,
              "state": "passed",
              "speed": "slow",
              "pass": true,
              "fail": false,
              "pending": false,
              "context": null,
              "code": "login('leonardo.miorim@kbase.com.br', '1bz592idyxHLw6');\nnavigateToPurchaseTroca();\ncreateNewOrderTroca();\ncompleteOrderTroca();",
              "err": {},
              "uuid": "7c1b03dc-1941-44ec-b293-27637a5fdc5d",
              "parentUUID": "8bb4c74e-42cd-46e5-951d-807afc5d4fa3",
              "isHook": false,
              "skipped": false
            },
            {
              "title": "Realizar um Pedido de Envio de remessa",
              "fullTitle": "Pedido de Lentes Realizar um Pedido de Envio de remessa",
              "timedOut": null,
              "duration": 70823,
              "state": "passed",
              "speed": "slow",
              "pass": true,
              "fail": false,
              "pending": false,
              "context": null,
              "code": "login('leonardo.miorim@kbase.com.br', '1bz592idyxHLw6');\nnavigateToPurchaseEnvioDeRemessa();\ncreateNewOrderEnvioDeRemessa();\ncompleteOrderEnvioDeRemessa();",
              "err": {},
              "uuid": "6335172e-67cd-4249-9437-2a99a8a9a4be",
              "parentUUID": "8bb4c74e-42cd-46e5-951d-807afc5d4fa3",
              "isHook": false,
              "skipped": false
            },
            {
              "title": "Realizar um Pedido de Remessa da Consignação",
              "fullTitle": "Pedido de Lentes Realizar um Pedido de Remessa da Consignação",
              "timedOut": null,
              "duration": 61681,
              "state": "passed",
              "speed": "slow",
              "pass": true,
              "fail": false,
              "pending": false,
              "context": null,
              "code": "login('leonardo.miorim@kbase.com.br', '1bz592idyxHLw6');\nnavigateToPurchaseRemessaDaConsignacao();\ncreateNewOrderRemessaDaConsignacao();\ncompleteOrderRemessaDaConsignacao();",
              "err": {},
              "uuid": "18b1621c-6a37-4bf0-83d4-f348faf36e70",
              "parentUUID": "8bb4c74e-42cd-46e5-951d-807afc5d4fa3",
              "isHook": false,
              "skipped": false
            },
            {
              "title": "Realizar um Pedido de Retorno simbolico da consignação",
              "fullTitle": "Pedido de Lentes Realizar um Pedido de Retorno simbolico da consignação",
              "timedOut": null,
              "duration": 71841,
              "state": "passed",
              "speed": "slow",
              "pass": true,
              "fail": false,
              "pending": false,
              "context": null,
              "code": "login('leonardo.miorim@kbase.com.br', '1bz592idyxHLw6');\nnavigateToPurchaseRetornoSimbolicoDaConsignacao();\ncreateNewOrderRetornoSimbolicoDaConsignacao();\ncompleteOrderRetornoSimbolicoDaConsignacao();",
              "err": {},
              "uuid": "07cb7516-aef9-4507-9760-bf472c1e2449",
              "parentUUID": "8bb4c74e-42cd-46e5-951d-807afc5d4fa3",
              "isHook": false,
              "skipped": false
            }
          ],
          "suites": [],
          "passes": [
            "e4bdabf5-67a6-4ca7-a14d-da5a17a2df6e",
            "35d99cfb-31fa-4038-bcac-55a475d76166",
            "4fc79eb0-9021-4cd3-9bb7-8ab4eef18cd9",
            "9ed2f08a-c242-4e29-958e-9fe3a5e27f32",
            "7c1b03dc-1941-44ec-b293-27637a5fdc5d",
            "6335172e-67cd-4249-9437-2a99a8a9a4be",
            "18b1621c-6a37-4bf0-83d4-f348faf36e70",
            "07cb7516-aef9-4507-9760-bf472c1e2449"
          ],
          "failures": [],
          "pending": [],
          "skipped": [],
          "duration": 490528,
          "root": false,
          "rootEmpty": false,
          "_timeout": 2000
        }
      ],
      "passes": [],
      "failures": [],
      "pending": [],
      "skipped": [],
      "duration": 0,
      "root": true,
      "rootEmpty": true,
      "_timeout": 2000
    }
  ],
  "meta": {
    "mocha": {
      "version": "7.0.1"
    },
    "mochawesome": {
      "options": {
        "quiet": false,
        "reportFilename": "mochawesome",
        "saveHtml": false,
        "saveJson": true,
        "consoleReporter": "spec",
        "useInlineDiffs": false,
        "code": true
      },
      "version": "7.1.3"
    },
    "marge": {
      "options": {
        "reportDir": "cypress\\reports\\.jsons",
        "overwrite": false,
        "html": false,
        "json": true
      },
      "version": "6.2.0"
    }
  }
}