{
  "stats": {
    "suites": 1,
    "tests": 8,
    "passes": 0,
    "pending": 0,
    "failures": 8,
    "start": "2024-10-18T17:06:18.822Z",
    "end": "2024-10-18T17:07:57.632Z",
    "duration": 98810,
    "testsRegistered": 8,
    "passPercent": 0,
    "pendingPercent": 0,
    "other": 0,
    "hasOther": false,
    "skipped": 0,
    "hasSkipped": false
  },
  "results": [
    {
      "uuid": "57557d18-3aae-4eb4-bd68-43ffe6420044",
      "title": "",
      "fullFile": "cypress\\e2e\\cirurgico.cy.js",
      "file": "cypress\\e2e\\cirurgico.cy.js",
      "beforeHooks": [],
      "afterHooks": [],
      "tests": [],
      "suites": [
        {
          "uuid": "b45a25f8-28a0-4271-86e2-1bb146a4b783",
          "title": "Pedido de Lentes",
          "fullFile": "",
          "file": "",
          "beforeHooks": [],
          "afterHooks": [],
          "tests": [
            {
              "title": "Realizar um novo pedido de bonificação",
              "fullTitle": "Pedido de Lentes Realizar um novo pedido de bonificação",
              "timedOut": null,
              "duration": 12232,
              "state": "failed",
              "speed": null,
              "pass": false,
              "fail": true,
              "pending": false,
              "context": "{\n  \"title\": \"cypress-mochawesome-reporter-screenshots\",\n  \"value\": [\n    [\n      \"\\\\cirurgico.cy.js\\\\Pedido de Lentes -- Realizar um novo pedido de bonificação (failed).png\"\n    ]\n  ]\n}",
              "code": "login('leonardo.miorim@kbase.com.br', '1bz592idyxHLw6');\nnavigateToPurchase();\ncreateNewOrderBonificacao();\ncompleteBonificacaoOrder();",
              "err": {
                "message": "AssertionError: Timed out retrying after 4000ms: Expected to find element: `body > div > toolbar-menu > sub-toolbar-menu > div > div > div.client-container > client-drawer > main > section > div`, but never found it.",
                "estack": "AssertionError: Timed out retrying after 4000ms: Expected to find element: `body > div > toolbar-menu > sub-toolbar-menu > div > div > div.client-container > client-drawer > main > section > div`, but never found it.\n    at navigateToPurchase (webpack://mark---1/./cypress/e2e/cirurgico.cy.js:83:11)\n    at Context.eval (webpack://mark---1/./cypress/e2e/cirurgico.cy.js:11:8)",
                "diff": null
              },
              "uuid": "6684d6d2-3096-4c2d-93c6-93610ed90435",
              "parentUUID": "b45a25f8-28a0-4271-86e2-1bb146a4b783",
              "isHook": false,
              "skipped": false
            },
            {
              "title": "Realizar uma compra futura",
              "fullTitle": "Pedido de Lentes Realizar uma compra futura",
              "timedOut": null,
              "duration": 11493,
              "state": "failed",
              "speed": null,
              "pass": false,
              "fail": true,
              "pending": false,
              "context": "{\n  \"title\": \"cypress-mochawesome-reporter-screenshots\",\n  \"value\": [\n    [\n      \"\\\\cirurgico.cy.js\\\\Pedido de Lentes -- Realizar uma compra futura (failed).png\"\n    ]\n  ]\n}",
              "code": "login('leonardo.miorim@kbase.com.br', '1bz592idyxHLw6');\nnavigateToPurchase();\ncreateNewOrderFutura();\ncompleteOrderFutura();",
              "err": {
                "message": "AssertionError: Timed out retrying after 4000ms: Expected to find element: `body > div > toolbar-menu > sub-toolbar-menu > div > div > div.client-container > client-drawer > main > section > div`, but never found it.",
                "estack": "AssertionError: Timed out retrying after 4000ms: Expected to find element: `body > div > toolbar-menu > sub-toolbar-menu > div > div > div.client-container > client-drawer > main > section > div`, but never found it.\n    at navigateToPurchase (webpack://mark---1/./cypress/e2e/cirurgico.cy.js:83:11)\n    at Context.eval (webpack://mark---1/./cypress/e2e/cirurgico.cy.js:19:8)",
                "diff": null
              },
              "uuid": "47cef89b-d65e-4ad5-84fc-be9fe6a3f579",
              "parentUUID": "b45a25f8-28a0-4271-86e2-1bb146a4b783",
              "isHook": false,
              "skipped": false
            },
            {
              "title": "Realizar uma compra pontual",
              "fullTitle": "Pedido de Lentes Realizar uma compra pontual",
              "timedOut": null,
              "duration": 11268,
              "state": "failed",
              "speed": null,
              "pass": false,
              "fail": true,
              "pending": false,
              "context": "{\n  \"title\": \"cypress-mochawesome-reporter-screenshots\",\n  \"value\": [\n    [\n      \"\\\\cirurgico.cy.js\\\\Pedido de Lentes -- Realizar uma compra pontual (failed).png\"\n    ]\n  ]\n}",
              "code": "login('leonardo.miorim@kbase.com.br', '1bz592idyxHLw6');\nnavigateToPurchase();\ncreateNewOrderPontual();\ncompleteOrderPontual();",
              "err": {
                "message": "AssertionError: Timed out retrying after 4000ms: Expected to find element: `body > div > toolbar-menu > sub-toolbar-menu > div > div > div.client-container > client-drawer > main > section > div`, but never found it.",
                "estack": "AssertionError: Timed out retrying after 4000ms: Expected to find element: `body > div > toolbar-menu > sub-toolbar-menu > div > div > div.client-container > client-drawer > main > section > div`, but never found it.\n    at navigateToPurchase (webpack://mark---1/./cypress/e2e/cirurgico.cy.js:83:11)\n    at Context.eval (webpack://mark---1/./cypress/e2e/cirurgico.cy.js:27:8)",
                "diff": null
              },
              "uuid": "87fd84ea-3801-4d8f-a2b7-4046866e7c6e",
              "parentUUID": "b45a25f8-28a0-4271-86e2-1bb146a4b783",
              "isHook": false,
              "skipped": false
            },
            {
              "title": "Realizar um Pedido de devolução",
              "fullTitle": "Pedido de Lentes Realizar um Pedido de devolução",
              "timedOut": null,
              "duration": 11621,
              "state": "failed",
              "speed": null,
              "pass": false,
              "fail": true,
              "pending": false,
              "context": "{\n  \"title\": \"cypress-mochawesome-reporter-screenshots\",\n  \"value\": [\n    [\n      \"\\\\cirurgico.cy.js\\\\Pedido de Lentes -- Realizar um Pedido de devolução (failed).png\"\n    ]\n  ]\n}",
              "code": "login('leonardo.miorim@kbase.com.br', '1bz592idyxHLw6');\nnavigateToPurchaseDevolucao();\ncreateNewOrderDevolucao();\ncompleteOrderDevolucao();",
              "err": {
                "message": "AssertionError: Timed out retrying after 4000ms: Expected to find element: `body > div > toolbar-menu > sub-toolbar-menu > div > div > div.client-container > client-drawer > main > section > div`, but never found it.",
                "estack": "AssertionError: Timed out retrying after 4000ms: Expected to find element: `body > div > toolbar-menu > sub-toolbar-menu > div > div > div.client-container > client-drawer > main > section > div`, but never found it.\n    at navigateToPurchaseDevolucao (webpack://mark---1/./cypress/e2e/cirurgico.cy.js:105:11)\n    at Context.eval (webpack://mark---1/./cypress/e2e/cirurgico.cy.js:35:8)",
                "diff": null
              },
              "uuid": "d8fb7ef0-dc4f-4eb1-a484-bfcd90c67892",
              "parentUUID": "b45a25f8-28a0-4271-86e2-1bb146a4b783",
              "isHook": false,
              "skipped": false
            },
            {
              "title": "Realizar um Pedido de Troca",
              "fullTitle": "Pedido de Lentes Realizar um Pedido de Troca",
              "timedOut": null,
              "duration": 11682,
              "state": "failed",
              "speed": null,
              "pass": false,
              "fail": true,
              "pending": false,
              "context": "{\n  \"title\": \"cypress-mochawesome-reporter-screenshots\",\n  \"value\": [\n    [\n      \"\\\\cirurgico.cy.js\\\\Pedido de Lentes -- Realizar um Pedido de Troca (failed).png\"\n    ]\n  ]\n}",
              "code": "login('leonardo.miorim@kbase.com.br', '1bz592idyxHLw6');\nnavigateToPurchaseTroca();\ncreateNewOrderTroca();\ncompleteOrderTroca();",
              "err": {
                "message": "AssertionError: Timed out retrying after 4000ms: Expected to find element: `body > div > toolbar-menu > sub-toolbar-menu > div > div > div.client-container > client-drawer > main > section > div`, but never found it.",
                "estack": "AssertionError: Timed out retrying after 4000ms: Expected to find element: `body > div > toolbar-menu > sub-toolbar-menu > div > div > div.client-container > client-drawer > main > section > div`, but never found it.\n    at navigateToPurchaseTroca (webpack://mark---1/./cypress/e2e/cirurgico.cy.js:116:11)\n    at Context.eval (webpack://mark---1/./cypress/e2e/cirurgico.cy.js:43:8)",
                "diff": null
              },
              "uuid": "39b033a2-0058-4b5e-9c9c-00c357997cb1",
              "parentUUID": "b45a25f8-28a0-4271-86e2-1bb146a4b783",
              "isHook": false,
              "skipped": false
            },
            {
              "title": "Realizar um Pedido de Envio de remessa",
              "fullTitle": "Pedido de Lentes Realizar um Pedido de Envio de remessa",
              "timedOut": null,
              "duration": 12205,
              "state": "failed",
              "speed": null,
              "pass": false,
              "fail": true,
              "pending": false,
              "context": "{\n  \"title\": \"cypress-mochawesome-reporter-screenshots\",\n  \"value\": [\n    [\n      \"\\\\cirurgico.cy.js\\\\Pedido de Lentes -- Realizar um Pedido de Envio de remessa (failed).png\"\n    ]\n  ]\n}",
              "code": "login('leonardo.miorim@kbase.com.br', '1bz592idyxHLw6');\nnavigateToPurchaseEnvioDeRemessa();\ncreateNewOrderEnvioDeRemessa();\ncompleteOrderEnvioDeRemessa();",
              "err": {
                "message": "AssertionError: Timed out retrying after 4000ms: Expected to find element: `body > div > toolbar-menu > sub-toolbar-menu > div > div > div.client-container > client-drawer > main > section > div`, but never found it.",
                "estack": "AssertionError: Timed out retrying after 4000ms: Expected to find element: `body > div > toolbar-menu > sub-toolbar-menu > div > div > div.client-container > client-drawer > main > section > div`, but never found it.\n    at navigateToPurchaseEnvioDeRemessa (webpack://mark---1/./cypress/e2e/cirurgico.cy.js:94:11)\n    at Context.eval (webpack://mark---1/./cypress/e2e/cirurgico.cy.js:51:8)",
                "diff": null
              },
              "uuid": "f51ff6b0-6956-4822-9efd-3d63d6aced58",
              "parentUUID": "b45a25f8-28a0-4271-86e2-1bb146a4b783",
              "isHook": false,
              "skipped": false
            },
            {
              "title": "Realizar um Pedido de Remessa da Consignação",
              "fullTitle": "Pedido de Lentes Realizar um Pedido de Remessa da Consignação",
              "timedOut": null,
              "duration": 12526,
              "state": "failed",
              "speed": null,
              "pass": false,
              "fail": true,
              "pending": false,
              "context": "{\n  \"title\": \"cypress-mochawesome-reporter-screenshots\",\n  \"value\": [\n    [\n      \"\\\\cirurgico.cy.js\\\\Pedido de Lentes -- Realizar um Pedido de Remessa da Consignação (failed).png\"\n    ]\n  ]\n}",
              "code": "login('leonardo.miorim@kbase.com.br', '1bz592idyxHLw6');\nnavigateToPurchaseRemessaDaConsignacao();\ncreateNewOrderRemessaDaConsignacao();\ncompleteOrderRemessaDaConsignacao();",
              "err": {
                "message": "AssertionError: Timed out retrying after 4000ms: Expected to find element: `body > div > toolbar-menu > sub-toolbar-menu > div > div > div.client-container > client-drawer > main > section > div`, but never found it.",
                "estack": "AssertionError: Timed out retrying after 4000ms: Expected to find element: `body > div > toolbar-menu > sub-toolbar-menu > div > div > div.client-container > client-drawer > main > section > div`, but never found it.\n    at navigateToPurchaseRemessaDaConsignacao (webpack://mark---1/./cypress/e2e/cirurgico.cy.js:127:11)\n    at Context.eval (webpack://mark---1/./cypress/e2e/cirurgico.cy.js:59:8)",
                "diff": null
              },
              "uuid": "2e85f55e-8add-425d-a1fa-1e98d2dd758b",
              "parentUUID": "b45a25f8-28a0-4271-86e2-1bb146a4b783",
              "isHook": false,
              "skipped": false
            },
            {
              "title": "Realizar um Pedido de Retorno simbolico da consignação",
              "fullTitle": "Pedido de Lentes Realizar um Pedido de Retorno simbolico da consignação",
              "timedOut": null,
              "duration": 11846,
              "state": "failed",
              "speed": null,
              "pass": false,
              "fail": true,
              "pending": false,
              "context": "{\n  \"title\": \"cypress-mochawesome-reporter-screenshots\",\n  \"value\": [\n    [\n      \"\\\\cirurgico.cy.js\\\\Pedido de Lentes -- Realizar um Pedido de Retorno simbolico da consignação (failed).png\"\n    ]\n  ]\n}",
              "code": "login('leonardo.miorim@kbase.com.br', '1bz592idyxHLw6');\nnavigateToPurchaseRetornoSimbolicoDaConsignacao();\ncreateNewOrderRetornoSimbolicoDaConsignacao();\ncompleteOrderRetornoSimbolicoDaConsignacao();",
              "err": {
                "message": "AssertionError: Timed out retrying after 4000ms: Expected to find element: `body > div > toolbar-menu > sub-toolbar-menu > div > div > div.client-container > client-drawer > main > section > div`, but never found it.",
                "estack": "AssertionError: Timed out retrying after 4000ms: Expected to find element: `body > div > toolbar-menu > sub-toolbar-menu > div > div > div.client-container > client-drawer > main > section > div`, but never found it.\n    at navigateToPurchaseRetornoSimbolicoDaConsignacao (webpack://mark---1/./cypress/e2e/cirurgico.cy.js:138:11)\n    at Context.eval (webpack://mark---1/./cypress/e2e/cirurgico.cy.js:67:8)",
                "diff": null
              },
              "uuid": "d5ad16a9-6c0e-42f7-abc0-b8bb9390b43d",
              "parentUUID": "b45a25f8-28a0-4271-86e2-1bb146a4b783",
              "isHook": false,
              "skipped": false
            }
          ],
          "suites": [],
          "passes": [],
          "failures": [
            "6684d6d2-3096-4c2d-93c6-93610ed90435",
            "47cef89b-d65e-4ad5-84fc-be9fe6a3f579",
            "87fd84ea-3801-4d8f-a2b7-4046866e7c6e",
            "d8fb7ef0-dc4f-4eb1-a484-bfcd90c67892",
            "39b033a2-0058-4b5e-9c9c-00c357997cb1",
            "f51ff6b0-6956-4822-9efd-3d63d6aced58",
            "2e85f55e-8add-425d-a1fa-1e98d2dd758b",
            "d5ad16a9-6c0e-42f7-abc0-b8bb9390b43d"
          ],
          "pending": [],
          "skipped": [],
          "duration": 94873,
          "root": false,
          "rootEmpty": false,
          "_timeout": 2000
        }
      ],
      "passes": [],
      "failures": [],
      "pending": [],
      "skipped": [],
      "duration": 0,
      "root": true,
      "rootEmpty": true,
      "_timeout": 2000
    }
  ],
  "meta": {
    "mocha": {
      "version": "7.0.1"
    },
    "mochawesome": {
      "options": {
        "quiet": false,
        "reportFilename": "mochawesome",
        "saveHtml": false,
        "saveJson": true,
        "consoleReporter": "spec",
        "useInlineDiffs": false,
        "code": true
      },
      "version": "7.1.3"
    },
    "marge": {
      "options": {
        "reportDir": "cypress\\reports\\.jsons",
        "overwrite": false,
        "html": false,
        "json": true
      },
      "version": "6.2.0"
    }
  }
}